\BOOKMARK [0][-]{chapter.1}{\376\377\000T\000o\000d\000o\000\040\000L\000i\000s\000t}{}
\BOOKMARK [0][-]{chapter.2}{\376\377\000D\000a\000t\000a\000\040\000S\000t\000r\000u\000c\000t\000u\000r\000e\000\040\000I\000n\000d\000e\000x}{}
\BOOKMARK [1][-]{section.2.1}{\376\377\000D\000a\000t\000a\000\040\000S\000t\000r\000u\000c\000t\000u\000r\000e\000s}{chapter.2}
\BOOKMARK [0][-]{chapter.3}{\376\377\000F\000i\000l\000e\000\040\000I\000n\000d\000e\000x}{}
\BOOKMARK [1][-]{section.3.1}{\376\377\000F\000i\000l\000e\000\040\000L\000i\000s\000t}{chapter.3}
\BOOKMARK [0][-]{chapter.4}{\376\377\000D\000a\000t\000a\000\040\000S\000t\000r\000u\000c\000t\000u\000r\000e\000\040\000D\000o\000c\000u\000m\000e\000n\000t\000a\000t\000i\000o\000n}{}
\BOOKMARK [1][-]{section.4.1}{\376\377\000a\000v\000a\000h\000i\000\137\000c\000a\000l\000l\000b\000a\000c\000k\000\137\000p\000a\000r\000a\000m\000s\000\040\000S\000t\000r\000u\000c\000t\000\040\000R\000e\000f\000e\000r\000e\000n\000c\000e}{chapter.4}
\BOOKMARK [2][-]{subsection.4.1.1}{\376\377\000D\000e\000t\000a\000i\000l\000e\000d\000\040\000D\000e\000s\000c\000r\000i\000p\000t\000i\000o\000n}{section.4.1}
\BOOKMARK [1][-]{section.4.2}{\376\377\000c\000l\000i\000e\000n\000t\000\137\000c\000o\000n\000f\000i\000g\000\040\000S\000t\000r\000u\000c\000t\000\040\000R\000e\000f\000e\000r\000e\000n\000c\000e}{chapter.4}
\BOOKMARK [2][-]{subsection.4.2.1}{\376\377\000D\000e\000t\000a\000i\000l\000e\000d\000\040\000D\000e\000s\000c\000r\000i\000p\000t\000i\000o\000n}{section.4.2}
\BOOKMARK [1][-]{section.4.3}{\376\377\000l\000i\000s\000t\000\040\000S\000t\000r\000u\000c\000t\000\040\000R\000e\000f\000e\000r\000e\000n\000c\000e}{chapter.4}
\BOOKMARK [2][-]{subsection.4.3.1}{\376\377\000D\000e\000t\000a\000i\000l\000e\000d\000\040\000D\000e\000s\000c\000r\000i\000p\000t\000i\000o\000n}{section.4.3}
\BOOKMARK [1][-]{section.4.4}{\376\377\000r\000e\000a\000d\000e\000r\000\040\000S\000t\000r\000u\000c\000t\000\040\000R\000e\000f\000e\000r\000e\000n\000c\000e}{chapter.4}
\BOOKMARK [2][-]{subsection.4.4.1}{\376\377\000D\000e\000t\000a\000i\000l\000e\000d\000\040\000D\000e\000s\000c\000r\000i\000p\000t\000i\000o\000n}{section.4.4}
\BOOKMARK [1][-]{section.4.5}{\376\377\000r\000f\000i\000d\000\137\000s\000e\000r\000v\000e\000r\000\137\000i\000n\000f\000o\000\040\000S\000t\000r\000u\000c\000t\000\040\000R\000e\000f\000e\000r\000e\000n\000c\000e}{chapter.4}
\BOOKMARK [2][-]{subsection.4.5.1}{\376\377\000D\000e\000t\000a\000i\000l\000e\000d\000\040\000D\000e\000s\000c\000r\000i\000p\000t\000i\000o\000n}{section.4.5}
\BOOKMARK [2][-]{subsection.4.5.2}{\376\377\000F\000i\000e\000l\000d\000\040\000D\000o\000c\000u\000m\000e\000n\000t\000a\000t\000i\000o\000n}{section.4.5}
\BOOKMARK [3][-]{subsubsection.4.5.2.1}{\376\377\000l\000o\000c\000k}{subsection.4.5.2}
\BOOKMARK [1][-]{section.4.6}{\376\377\000t\000a\000g\000\040\000S\000t\000r\000u\000c\000t\000\040\000R\000e\000f\000e\000r\000e\000n\000c\000e}{chapter.4}
\BOOKMARK [2][-]{subsection.4.6.1}{\376\377\000D\000e\000t\000a\000i\000l\000e\000d\000\040\000D\000e\000s\000c\000r\000i\000p\000t\000i\000o\000n}{section.4.6}
\BOOKMARK [0][-]{chapter.5}{\376\377\000F\000i\000l\000e\000\040\000D\000o\000c\000u\000m\000e\000n\000t\000a\000t\000i\000o\000n}{}
\BOOKMARK [1][-]{section.5.1}{\376\377\000c\000l\000i\000e\000n\000t\000/\000a\000v\000a\000h\000i\000\137\000d\000n\000s\000\137\000h\000a\000n\000d\000l\000e\000r\000.\000c\000\040\000F\000i\000l\000e\000\040\000R\000e\000f\000e\000r\000e\000n\000c\000e}{chapter.5}
\BOOKMARK [2][-]{subsection.5.1.1}{\376\377\000D\000e\000t\000a\000i\000l\000e\000d\000\040\000D\000e\000s\000c\000r\000i\000p\000t\000i\000o\000n}{section.5.1}
\BOOKMARK [2][-]{subsection.5.1.2}{\376\377\000F\000u\000n\000c\000t\000i\000o\000n\000\040\000D\000o\000c\000u\000m\000e\000n\000t\000a\000t\000i\000o\000n}{section.5.1}
\BOOKMARK [3][-]{subsubsection.5.1.2.1}{\376\377\000a\000v\000a\000h\000i\000\137\000f\000u\000n\000c\000t\000i\000o\000n}{subsection.5.1.2}
\BOOKMARK [3][-]{subsubsection.5.1.2.2}{\376\377\000b\000r\000o\000w\000s\000e\000\137\000c\000a\000l\000l\000b\000a\000c\000k}{subsection.5.1.2}
\BOOKMARK [3][-]{subsubsection.5.1.2.3}{\376\377\000c\000l\000i\000e\000n\000t\000\137\000c\000a\000l\000l\000b\000a\000c\000k}{subsection.5.1.2}
\BOOKMARK [3][-]{subsubsection.5.1.2.4}{\376\377\000r\000e\000s\000o\000l\000v\000e\000\137\000c\000a\000l\000l\000b\000a\000c\000k}{subsection.5.1.2}
\BOOKMARK [1][-]{section.5.2}{\376\377\000c\000l\000i\000e\000n\000t\000/\000c\000l\000i\000e\000n\000t\000.\000c\000\040\000F\000i\000l\000e\000\040\000R\000e\000f\000e\000r\000e\000n\000c\000e}{chapter.5}
\BOOKMARK [2][-]{subsection.5.2.1}{\376\377\000D\000e\000t\000a\000i\000l\000e\000d\000\040\000D\000e\000s\000c\000r\000i\000p\000t\000i\000o\000n}{section.5.2}
\BOOKMARK [2][-]{subsection.5.2.2}{\376\377\000F\000u\000n\000c\000t\000i\000o\000n\000\040\000D\000o\000c\000u\000m\000e\000n\000t\000a\000t\000i\000o\000n}{section.5.2}
\BOOKMARK [3][-]{subsubsection.5.2.2.1}{\376\377\000r\000e\000a\000d\000\137\000c\000o\000n\000f\000i\000g}{subsection.5.2.2}
\BOOKMARK [3][-]{subsubsection.5.2.2.2}{\376\377\000r\000e\000a\000d\000\137\000c\000o\000n\000f\000i\000g\000\137\000s\000e\000r\000v\000e\000r\000s}{subsection.5.2.2}
\BOOKMARK [1][-]{section.5.3}{\376\377\000c\000l\000i\000e\000n\000t\000/\000c\000l\000i\000e\000n\000t\000.\000h\000\040\000F\000i\000l\000e\000\040\000R\000e\000f\000e\000r\000e\000n\000c\000e}{chapter.5}
\BOOKMARK [2][-]{subsection.5.3.1}{\376\377\000D\000e\000t\000a\000i\000l\000e\000d\000\040\000D\000e\000s\000c\000r\000i\000p\000t\000i\000o\000n}{section.5.3}
\BOOKMARK [2][-]{subsection.5.3.2}{\376\377\000F\000u\000n\000c\000t\000i\000o\000n\000\040\000D\000o\000c\000u\000m\000e\000n\000t\000a\000t\000i\000o\000n}{section.5.3}
\BOOKMARK [3][-]{subsubsection.5.3.2.1}{\376\377\000a\000v\000a\000h\000i\000\137\000f\000u\000n\000c\000t\000i\000o\000n}{subsection.5.3.2}
\BOOKMARK [3][-]{subsubsection.5.3.2.2}{\376\377\000r\000e\000a\000d\000\137\000c\000o\000n\000f\000i\000g}{subsection.5.3.2}
\BOOKMARK [3][-]{subsubsection.5.3.2.3}{\376\377\000r\000e\000a\000d\000\137\000c\000o\000n\000f\000i\000g\000\137\000s\000e\000r\000v\000e\000r\000s}{subsection.5.3.2}
\BOOKMARK [3][-]{subsubsection.5.3.2.4}{\376\377\000r\000e\000a\000d\000e\000r\000\137\000f\000u\000n\000c\000t\000i\000o\000n}{subsection.5.3.2}
\BOOKMARK [1][-]{section.5.4}{\376\377\000c\000l\000i\000e\000n\000t\000/\000c\000o\000n\000f\000i\000g\000.\000c\000\040\000F\000i\000l\000e\000\040\000R\000e\000f\000e\000r\000e\000n\000c\000e}{chapter.5}
\BOOKMARK [2][-]{subsection.5.4.1}{\376\377\000D\000e\000t\000a\000i\000l\000e\000d\000\040\000D\000e\000s\000c\000r\000i\000p\000t\000i\000o\000n}{section.5.4}
\BOOKMARK [2][-]{subsection.5.4.2}{\376\377\000F\000u\000n\000c\000t\000i\000o\000n\000\040\000D\000o\000c\000u\000m\000e\000n\000t\000a\000t\000i\000o\000n}{section.5.4}
\BOOKMARK [3][-]{subsubsection.5.4.2.1}{\376\377\000c\000o\000n\000f\000i\000g\000\137\000g\000e\000t}{subsection.5.4.2}
\BOOKMARK [3][-]{subsubsection.5.4.2.2}{\376\377\000c\000o\000n\000f\000i\000g\000\137\000g\000e\000t\000\137\000a\000l\000l}{subsection.5.4.2}
\BOOKMARK [3][-]{subsubsection.5.4.2.3}{\376\377\000d\000e\000b\000u\000g}{subsection.5.4.2}
\BOOKMARK [3][-]{subsubsection.5.4.2.4}{\376\377\000w\000a\000r\000n}{subsection.5.4.2}
\BOOKMARK [1][-]{section.5.5}{\376\377\000c\000l\000i\000e\000n\000t\000/\000c\000o\000n\000f\000i\000g\000.\000h\000\040\000F\000i\000l\000e\000\040\000R\000e\000f\000e\000r\000e\000n\000c\000e}{chapter.5}
\BOOKMARK [2][-]{subsection.5.5.1}{\376\377\000D\000e\000t\000a\000i\000l\000e\000d\000\040\000D\000e\000s\000c\000r\000i\000p\000t\000i\000o\000n}{section.5.5}
\BOOKMARK [2][-]{subsection.5.5.2}{\376\377\000F\000u\000n\000c\000t\000i\000o\000n\000\040\000D\000o\000c\000u\000m\000e\000n\000t\000a\000t\000i\000o\000n}{section.5.5}
\BOOKMARK [3][-]{subsubsection.5.5.2.1}{\376\377\000c\000o\000n\000f\000i\000g\000\137\000g\000e\000t}{subsection.5.5.2}
\BOOKMARK [3][-]{subsubsection.5.5.2.2}{\376\377\000c\000o\000n\000f\000i\000g\000\137\000g\000e\000t\000\137\000a\000l\000l}{subsection.5.5.2}
\BOOKMARK [1][-]{section.5.6}{\376\377\000c\000l\000i\000e\000n\000t\000/\000l\000i\000s\000t\000.\000c\000\040\000F\000i\000l\000e\000\040\000R\000e\000f\000e\000r\000e\000n\000c\000e}{chapter.5}
\BOOKMARK [2][-]{subsection.5.6.1}{\376\377\000D\000e\000t\000a\000i\000l\000e\000d\000\040\000D\000e\000s\000c\000r\000i\000p\000t\000i\000o\000n}{section.5.6}
\BOOKMARK [2][-]{subsection.5.6.2}{\376\377\000F\000u\000n\000c\000t\000i\000o\000n\000\040\000D\000o\000c\000u\000m\000e\000n\000t\000a\000t\000i\000o\000n}{section.5.6}
\BOOKMARK [3][-]{subsubsection.5.6.2.1}{\376\377\000l\000i\000s\000t\000\137\000a\000p\000p\000e\000n\000d}{subsection.5.6.2}
\BOOKMARK [3][-]{subsubsection.5.6.2.2}{\376\377\000l\000i\000s\000t\000\137\000a\000r\000r\000a\000y}{subsection.5.6.2}
\BOOKMARK [3][-]{subsubsection.5.6.2.3}{\376\377\000l\000i\000s\000t\000\137\000a\000t\000o\000m\000\137\000d\000e\000s\000t\000r\000o\000y}{subsection.5.6.2}
\BOOKMARK [3][-]{subsubsection.5.6.2.4}{\376\377\000l\000i\000s\000t\000\137\000c\000a\000r}{subsection.5.6.2}
\BOOKMARK [3][-]{subsubsection.5.6.2.5}{\376\377\000l\000i\000s\000t\000\137\000c\000d\000r}{subsection.5.6.2}
\BOOKMARK [3][-]{subsubsection.5.6.2.6}{\376\377\000l\000i\000s\000t\000\137\000c\000o\000n\000s}{subsection.5.6.2}
\BOOKMARK [3][-]{subsubsection.5.6.2.7}{\376\377\000l\000i\000s\000t\000\137\000c\000r\000e\000a\000t\000e}{subsection.5.6.2}
\BOOKMARK [3][-]{subsubsection.5.6.2.8}{\376\377\000l\000i\000s\000t\000\137\000d\000e\000s\000t\000r\000o\000y}{subsection.5.6.2}
\BOOKMARK [3][-]{subsubsection.5.6.2.9}{\376\377\000l\000i\000s\000t\000\137\000d\000e\000s\000t\000r\000o\000y\000\137\000d\000e\000e\000p}{subsection.5.6.2}
\BOOKMARK [3][-]{subsubsection.5.6.2.10}{\376\377\000l\000i\000s\000t\000\137\000f\000i\000l\000t\000e\000r}{subsection.5.6.2}
\BOOKMARK [3][-]{subsubsection.5.6.2.11}{\376\377\000l\000i\000s\000t\000\137\000i\000n\000d\000e\000x\000\137\000o\000f\000\137\000i\000n\000t}{subsection.5.6.2}
\BOOKMARK [3][-]{subsubsection.5.6.2.12}{\376\377\000l\000i\000s\000t\000\137\000i\000n\000d\000e\000x\000\137\000o\000f\000\137\000s\000t\000r}{subsection.5.6.2}
\BOOKMARK [3][-]{subsubsection.5.6.2.13}{\376\377\000l\000i\000s\000t\000\137\000i\000s\000\137\000e\000m\000p\000t\000y}{subsection.5.6.2}
\BOOKMARK [3][-]{subsubsection.5.6.2.14}{\376\377\000l\000i\000s\000t\000\137\000i\000s\000\137\000n\000u\000l\000l}{subsection.5.6.2}
\BOOKMARK [3][-]{subsubsection.5.6.2.15}{\376\377\000l\000i\000s\000t\000\137\000m\000a\000p}{subsection.5.6.2}
\BOOKMARK [3][-]{subsubsection.5.6.2.16}{\376\377\000l\000i\000s\000t\000\137\000n\000t\000h}{subsection.5.6.2}
\BOOKMARK [3][-]{subsubsection.5.6.2.17}{\376\377\000l\000i\000s\000t\000\137\000n\000t\000h\000\137\000a\000t\000o\000m}{subsection.5.6.2}
\BOOKMARK [3][-]{subsubsection.5.6.2.18}{\376\377\000l\000i\000s\000t\000\137\000p\000o\000p}{subsection.5.6.2}
\BOOKMARK [3][-]{subsubsection.5.6.2.19}{\376\377\000l\000i\000s\000t\000\137\000p\000u\000s\000h}{subsection.5.6.2}
\BOOKMARK [3][-]{subsubsection.5.6.2.20}{\376\377\000l\000i\000s\000t\000\137\000r\000e\000m\000o\000v\000e}{subsection.5.6.2}
\BOOKMARK [3][-]{subsubsection.5.6.2.21}{\376\377\000l\000i\000s\000t\000\137\000r\000e\000v\000e\000r\000s\000e}{subsection.5.6.2}
\BOOKMARK [3][-]{subsubsection.5.6.2.22}{\376\377\000l\000i\000s\000t\000\137\000s\000e\000t\000\137\000c\000a\000r}{subsection.5.6.2}
\BOOKMARK [3][-]{subsubsection.5.6.2.23}{\376\377\000l\000i\000s\000t\000\137\000s\000e\000t\000\137\000c\000d\000r}{subsection.5.6.2}
\BOOKMARK [3][-]{subsubsection.5.6.2.24}{\376\377\000l\000i\000s\000t\000\137\000s\000i\000m\000p\000l\000e\000\137\000f\000r\000e\000e\000\137\000f\000n}{subsection.5.6.2}
\BOOKMARK [3][-]{subsubsection.5.6.2.25}{\376\377\000l\000i\000s\000t\000\137\000s\000i\000z\000e}{subsection.5.6.2}
\BOOKMARK [3][-]{subsubsection.5.6.2.26}{\376\377\000n\000u\000l\000l\000\137\000l\000i\000s\000t}{subsection.5.6.2}
\BOOKMARK [1][-]{section.5.7}{\376\377\000c\000l\000i\000e\000n\000t\000/\000l\000i\000s\000t\000.\000h\000\040\000F\000i\000l\000e\000\040\000R\000e\000f\000e\000r\000e\000n\000c\000e}{chapter.5}
\BOOKMARK [2][-]{subsection.5.7.1}{\376\377\000D\000e\000t\000a\000i\000l\000e\000d\000\040\000D\000e\000s\000c\000r\000i\000p\000t\000i\000o\000n}{section.5.7}
\BOOKMARK [2][-]{subsection.5.7.2}{\376\377\000D\000e\000f\000i\000n\000e\000\040\000D\000o\000c\000u\000m\000e\000n\000t\000a\000t\000i\000o\000n}{section.5.7}
\BOOKMARK [3][-]{subsubsection.5.7.2.1}{\376\377\000l\000i\000s\000t\000\137\000f\000o\000r\000e\000a\000c\000h}{subsection.5.7.2}
\BOOKMARK [3][-]{subsubsection.5.7.2.2}{\376\377\000l\000i\000s\000t\000\137\000f\000o\000r\000e\000a\000c\000h\000\137\000e\000n\000t\000r\000y}{subsection.5.7.2}
\BOOKMARK [2][-]{subsection.5.7.3}{\376\377\000T\000y\000p\000e\000d\000e\000f\000\040\000D\000o\000c\000u\000m\000e\000n\000t\000a\000t\000i\000o\000n}{section.5.7}
\BOOKMARK [3][-]{subsubsection.5.7.3.1}{\376\377\000l\000i\000s\000t}{subsection.5.7.3}
\BOOKMARK [2][-]{subsection.5.7.4}{\376\377\000F\000u\000n\000c\000t\000i\000o\000n\000\040\000D\000o\000c\000u\000m\000e\000n\000t\000a\000t\000i\000o\000n}{section.5.7}
\BOOKMARK [3][-]{subsubsection.5.7.4.1}{\376\377\000l\000i\000s\000t\000\137\000a\000p\000p\000e\000n\000d}{subsection.5.7.4}
\BOOKMARK [3][-]{subsubsection.5.7.4.2}{\376\377\000l\000i\000s\000t\000\137\000a\000r\000r\000a\000y}{subsection.5.7.4}
\BOOKMARK [3][-]{subsubsection.5.7.4.3}{\376\377\000l\000i\000s\000t\000\137\000a\000t\000o\000m\000\137\000d\000e\000s\000t\000r\000o\000y}{subsection.5.7.4}
\BOOKMARK [3][-]{subsubsection.5.7.4.4}{\376\377\000l\000i\000s\000t\000\137\000c\000a\000r}{subsection.5.7.4}
\BOOKMARK [3][-]{subsubsection.5.7.4.5}{\376\377\000l\000i\000s\000t\000\137\000c\000d\000r}{subsection.5.7.4}
\BOOKMARK [3][-]{subsubsection.5.7.4.6}{\376\377\000l\000i\000s\000t\000\137\000c\000o\000n\000s}{subsection.5.7.4}
\BOOKMARK [3][-]{subsubsection.5.7.4.7}{\376\377\000l\000i\000s\000t\000\137\000c\000r\000e\000a\000t\000e}{subsection.5.7.4}
\BOOKMARK [3][-]{subsubsection.5.7.4.8}{\376\377\000l\000i\000s\000t\000\137\000d\000e\000s\000t\000r\000o\000y}{subsection.5.7.4}
\BOOKMARK [3][-]{subsubsection.5.7.4.9}{\376\377\000l\000i\000s\000t\000\137\000d\000e\000s\000t\000r\000o\000y\000\137\000d\000e\000e\000p}{subsection.5.7.4}
\BOOKMARK [3][-]{subsubsection.5.7.4.10}{\376\377\000l\000i\000s\000t\000\137\000f\000i\000l\000t\000e\000r}{subsection.5.7.4}
\BOOKMARK [3][-]{subsubsection.5.7.4.11}{\376\377\000l\000i\000s\000t\000\137\000i\000n\000d\000e\000x\000\137\000o\000f\000\137\000i\000n\000t}{subsection.5.7.4}
\BOOKMARK [3][-]{subsubsection.5.7.4.12}{\376\377\000l\000i\000s\000t\000\137\000i\000n\000d\000e\000x\000\137\000o\000f\000\137\000s\000t\000r}{subsection.5.7.4}
\BOOKMARK [3][-]{subsubsection.5.7.4.13}{\376\377\000l\000i\000s\000t\000\137\000i\000s\000\137\000e\000m\000p\000t\000y}{subsection.5.7.4}
\BOOKMARK [3][-]{subsubsection.5.7.4.14}{\376\377\000l\000i\000s\000t\000\137\000m\000a\000p}{subsection.5.7.4}
\BOOKMARK [3][-]{subsubsection.5.7.4.15}{\376\377\000l\000i\000s\000t\000\137\000n\000t\000h}{subsection.5.7.4}
\BOOKMARK [3][-]{subsubsection.5.7.4.16}{\376\377\000l\000i\000s\000t\000\137\000p\000o\000p}{subsection.5.7.4}
\BOOKMARK [3][-]{subsubsection.5.7.4.17}{\376\377\000l\000i\000s\000t\000\137\000p\000u\000s\000h}{subsection.5.7.4}
\BOOKMARK [3][-]{subsubsection.5.7.4.18}{\376\377\000l\000i\000s\000t\000\137\000r\000e\000m\000o\000v\000e}{subsection.5.7.4}
\BOOKMARK [3][-]{subsubsection.5.7.4.19}{\376\377\000l\000i\000s\000t\000\137\000r\000e\000v\000e\000r\000s\000e}{subsection.5.7.4}
\BOOKMARK [3][-]{subsubsection.5.7.4.20}{\376\377\000l\000i\000s\000t\000\137\000s\000e\000t\000\137\000c\000a\000r}{subsection.5.7.4}
\BOOKMARK [3][-]{subsubsection.5.7.4.21}{\376\377\000l\000i\000s\000t\000\137\000s\000e\000t\000\137\000c\000d\000r}{subsection.5.7.4}
\BOOKMARK [3][-]{subsubsection.5.7.4.22}{\376\377\000l\000i\000s\000t\000\137\000s\000i\000m\000p\000l\000e\000\137\000f\000r\000e\000e\000\137\000f\000n}{subsection.5.7.4}
\BOOKMARK [3][-]{subsubsection.5.7.4.23}{\376\377\000l\000i\000s\000t\000\137\000s\000i\000z\000e}{subsection.5.7.4}
\BOOKMARK [3][-]{subsubsection.5.7.4.24}{\376\377\000n\000u\000l\000l\000\137\000l\000i\000s\000t}{subsection.5.7.4}
\BOOKMARK [1][-]{section.5.8}{\376\377\000c\000l\000i\000e\000n\000t\000/\000r\000e\000a\000d\000e\000r\000.\000c\000\040\000F\000i\000l\000e\000\040\000R\000e\000f\000e\000r\000e\000n\000c\000e}{chapter.5}
\BOOKMARK [2][-]{subsection.5.8.1}{\376\377\000D\000e\000t\000a\000i\000l\000e\000d\000\040\000D\000e\000s\000c\000r\000i\000p\000t\000i\000o\000n}{section.5.8}
\BOOKMARK [2][-]{subsection.5.8.2}{\376\377\000F\000u\000n\000c\000t\000i\000o\000n\000\040\000D\000o\000c\000u\000m\000e\000n\000t\000a\000t\000i\000o\000n}{section.5.8}
\BOOKMARK [3][-]{subsubsection.5.8.2.1}{\376\377\000f\000i\000n\000d\000\137\000a\000l\000l\000\137\000r\000e\000a\000d\000e\000r\000s}{subsection.5.8.2}
\BOOKMARK [1][-]{section.5.9}{\376\377\000c\000l\000i\000e\000n\000t\000/\000r\000e\000a\000d\000e\000r\000.\000h\000\040\000F\000i\000l\000e\000\040\000R\000e\000f\000e\000r\000e\000n\000c\000e}{chapter.5}
\BOOKMARK [2][-]{subsection.5.9.1}{\376\377\000D\000e\000t\000a\000i\000l\000e\000d\000\040\000D\000e\000s\000c\000r\000i\000p\000t\000i\000o\000n}{section.5.9}
\BOOKMARK [2][-]{subsection.5.9.2}{\376\377\000F\000u\000n\000c\000t\000i\000o\000n\000\040\000D\000o\000c\000u\000m\000e\000n\000t\000a\000t\000i\000o\000n}{section.5.9}
\BOOKMARK [3][-]{subsubsection.5.9.2.1}{\376\377\000f\000i\000n\000d\000\137\000a\000l\000l\000\137\000r\000e\000a\000d\000e\000r\000s}{subsection.5.9.2}
\BOOKMARK [1][-]{section.5.10}{\376\377\000c\000l\000i\000e\000n\000t\000/\000r\000f\000i\000d\000\137\000r\000e\000a\000d\000e\000r\000\137\000h\000a\000n\000d\000l\000e\000r\000.\000c\000\040\000F\000i\000l\000e\000\040\000R\000e\000f\000e\000r\000e\000n\000c\000e}{chapter.5}
\BOOKMARK [2][-]{subsection.5.10.1}{\376\377\000D\000e\000t\000a\000i\000l\000e\000d\000\040\000D\000e\000s\000c\000r\000i\000p\000t\000i\000o\000n}{section.5.10}
\BOOKMARK [2][-]{subsection.5.10.2}{\376\377\000F\000u\000n\000c\000t\000i\000o\000n\000\040\000D\000o\000c\000u\000m\000e\000n\000t\000a\000t\000i\000o\000n}{section.5.10}
\BOOKMARK [3][-]{subsubsection.5.10.2.1}{\376\377\000r\000e\000a\000d\000e\000r\000\137\000f\000u\000n\000c\000t\000i\000o\000n}{subsection.5.10.2}
\BOOKMARK [3][-]{subsubsection.5.10.2.2}{\376\377\000r\000e\000a\000d\000e\000r\000\137\000h\000a\000n\000d\000l\000e\000\137\000t\000a\000g}{subsection.5.10.2}
\BOOKMARK [3][-]{subsubsection.5.10.2.3}{\376\377\000r\000e\000a\000d\000e\000r\000\137\000p\000o\000l\000l\000\137\000l\000o\000o\000p}{subsection.5.10.2}
\BOOKMARK [1][-]{section.5.11}{\376\377\000c\000l\000i\000e\000n\000t\000/\000s\000t\000r\000i\000n\000g\000\137\000u\000t\000i\000l\000s\000.\000c\000\040\000F\000i\000l\000e\000\040\000R\000e\000f\000e\000r\000e\000n\000c\000e}{chapter.5}
\BOOKMARK [2][-]{subsection.5.11.1}{\376\377\000D\000e\000t\000a\000i\000l\000e\000d\000\040\000D\000e\000s\000c\000r\000i\000p\000t\000i\000o\000n}{section.5.11}
\BOOKMARK [2][-]{subsection.5.11.2}{\376\377\000F\000u\000n\000c\000t\000i\000o\000n\000\040\000D\000o\000c\000u\000m\000e\000n\000t\000a\000t\000i\000o\000n}{section.5.11}
\BOOKMARK [3][-]{subsubsection.5.11.2.1}{\376\377\000s\000t\000r\000i\000n\000g\000\137\000j\000o\000i\000n}{subsection.5.11.2}
\BOOKMARK [3][-]{subsubsection.5.11.2.2}{\376\377\000s\000t\000r\000i\000n\000g\000\137\000s\000p\000l\000i\000t}{subsection.5.11.2}
