This is pdfTeX, Version 3.1415926-1.40.10 (TeX Live 2009/Debian) (format=pdflatex 2010.5.13)  13 MAY 2010 13:50
entering extended mode
 restricted \write18 enabled.
 %&-line parsing enabled.
**refman.tex
(./refman.tex
LaTeX2e <2009/09/24>
Babel <v3.8l> and hyphenation patterns for english, usenglishmax, dumylang, noh
yphenation, loaded.
(/usr/share/texmf-texlive/tex/latex/base/book.cls
Document Class: book 2007/10/19 v1.4h Standard LaTeX document class
(/usr/share/texmf-texlive/tex/latex/base/bk10.clo
File: bk10.clo 2007/10/19 v1.4h Standard LaTeX file (size option)
)
\c@part=\count79
\c@chapter=\count80
\c@section=\count81
\c@subsection=\count82
\c@subsubsection=\count83
\c@paragraph=\count84
\c@subparagraph=\count85
\c@figure=\count86
\c@table=\count87
\abovecaptionskip=\skip41
\belowcaptionskip=\skip42
\bibindent=\dimen102
)
(/usr/share/texmf-texlive/tex/latex/ltxmisc/a4wide.sty
Package: a4wide 1994/08/30

(/usr/share/texmf-texlive/tex/latex/ntgclass/a4.sty
Package: a4 2004/04/15 v1.2g A4 based page layout
))
(/usr/share/texmf-texlive/tex/latex/base/makeidx.sty
Package: makeidx 2000/03/29 v1.0m Standard LaTeX package
)
(/usr/share/texmf-texlive/tex/latex/graphics/graphicx.sty
Package: graphicx 1999/02/16 v1.0f Enhanced LaTeX Graphics (DPC,SPQR)

(/usr/share/texmf-texlive/tex/latex/graphics/keyval.sty
Package: keyval 1999/03/16 v1.13 key=value parser (DPC)
\KV@toks@=\toks14
)
(/usr/share/texmf-texlive/tex/latex/graphics/graphics.sty
Package: graphics 2009/02/05 v1.0o Standard LaTeX Graphics (DPC,SPQR)

(/usr/share/texmf-texlive/tex/latex/graphics/trig.sty
Package: trig 1999/03/16 v1.09 sin cos tan (DPC)
)
(/etc/texmf/tex/latex/config/graphics.cfg
File: graphics.cfg 2009/08/28 v1.8 graphics configuration of TeX Live
)
Package graphics Info: Driver file: pdftex.def on input line 91.

(/usr/share/texmf-texlive/tex/latex/pdftex-def/pdftex.def
File: pdftex.def 2009/08/25 v0.04m Graphics/color for pdfTeX
\Gread@gobject=\count88
))
\Gin@req@height=\dimen103
\Gin@req@width=\dimen104
)
(/usr/share/texmf-texlive/tex/latex/tools/multicol.sty
Package: multicol 2008/12/05 v1.6h multicolumn formatting (FMi)
\c@tracingmulticols=\count89
\mult@box=\box26
\multicol@leftmargin=\dimen105
\c@unbalance=\count90
\c@collectmore=\count91
\doublecol@number=\count92
\multicoltolerance=\count93
\multicolpretolerance=\count94
\full@width=\dimen106
\page@free=\dimen107
\premulticols=\dimen108
\postmulticols=\dimen109
\multicolsep=\skip43
\multicolbaselineskip=\skip44
\partial@page=\box27
\last@line=\box28
\mult@rightbox=\box29
\mult@grightbox=\box30
\mult@gfirstbox=\box31
\mult@firstbox=\box32
\@tempa=\box33
\@tempa=\box34
\@tempa=\box35
\@tempa=\box36
\@tempa=\box37
\@tempa=\box38
\@tempa=\box39
\@tempa=\box40
\@tempa=\box41
\@tempa=\box42
\@tempa=\box43
\@tempa=\box44
\@tempa=\box45
\@tempa=\box46
\@tempa=\box47
\@tempa=\box48
\@tempa=\box49
\c@columnbadness=\count95
\c@finalcolumnbadness=\count96
\last@try=\dimen110
\multicolovershoot=\dimen111
\multicolundershoot=\dimen112
\mult@nat@firstbox=\box50
\colbreak@box=\box51
)
(/usr/share/texmf-texlive/tex/latex/float/float.sty
Package: float 2001/11/08 v1.3d Float enhancements (AL)
\c@float@type=\count97
\float@exts=\toks15
\float@box=\box52
\@float@everytoks=\toks16
\@floatcapt=\box53
)
(/usr/share/texmf-texlive/tex/latex/listings/listings.sty
\lst@mode=\count98
\lst@gtempboxa=\box54
\lst@token=\toks17
\lst@length=\count99
\lst@currlwidth=\dimen113
\lst@column=\count100
\lst@pos=\count101
\lst@lostspace=\dimen114
\lst@width=\dimen115
\lst@newlines=\count102
\lst@lineno=\count103
\lst@maxwidth=\dimen116

(/usr/share/texmf-texlive/tex/latex/listings/lstmisc.sty
File: lstmisc.sty 2007/02/22 1.4 (Carsten Heinz)
\c@lstnumber=\count104
\lst@skipnumbers=\count105
\lst@framebox=\box55
)
(/usr/share/texmf-texlive/tex/latex/listings/listings.cfg
File: listings.cfg 2007/02/22 1.4 listings configuration
))
Package: listings 2007/02/22 1.4 (Carsten Heinz)

(/usr/share/texmf-texlive/tex/latex/graphics/color.sty
Package: color 2005/11/14 v1.0j Standard LaTeX Color (DPC)

(/etc/texmf/tex/latex/config/color.cfg
File: color.cfg 2007/01/18 v1.5 color configuration of teTeX/TeXLive
)
Package color Info: Driver file: pdftex.def on input line 130.
)
(/usr/share/texmf-texlive/tex/latex/base/textcomp.sty
Package: textcomp 2005/09/27 v1.99g Standard LaTeX package
Package textcomp Info: Sub-encoding information:
(textcomp)               5 = only ISO-Adobe without \textcurrency
(textcomp)               4 = 5 + \texteuro
(textcomp)               3 = 4 + \textohm
(textcomp)               2 = 3 + \textestimated + \textcurrency
(textcomp)               1 = TS1 - \textcircled - \t
(textcomp)               0 = TS1 (full)
(textcomp)             Font families with sub-encoding setting implement
(textcomp)             only a restricted character set as indicated.
(textcomp)             Family '?' is the default used for unknown fonts.
(textcomp)             See the documentation for details.
Package textcomp Info: Setting ? sub-encoding to TS1/1 on input line 71.

(/usr/share/texmf-texlive/tex/latex/base/ts1enc.def
File: ts1enc.def 2001/06/05 v3.0e (jk/car/fm) Standard LaTeX file
)
LaTeX Info: Redefining \oldstylenums on input line 266.
Package textcomp Info: Setting cmr sub-encoding to TS1/0 on input line 281.
Package textcomp Info: Setting cmss sub-encoding to TS1/0 on input line 282.
Package textcomp Info: Setting cmtt sub-encoding to TS1/0 on input line 283.
Package textcomp Info: Setting cmvtt sub-encoding to TS1/0 on input line 284.
Package textcomp Info: Setting cmbr sub-encoding to TS1/0 on input line 285.
Package textcomp Info: Setting cmtl sub-encoding to TS1/0 on input line 286.
Package textcomp Info: Setting ccr sub-encoding to TS1/0 on input line 287.
Package textcomp Info: Setting ptm sub-encoding to TS1/4 on input line 288.
Package textcomp Info: Setting pcr sub-encoding to TS1/4 on input line 289.
Package textcomp Info: Setting phv sub-encoding to TS1/4 on input line 290.
Package textcomp Info: Setting ppl sub-encoding to TS1/3 on input line 291.
Package textcomp Info: Setting pag sub-encoding to TS1/4 on input line 292.
Package textcomp Info: Setting pbk sub-encoding to TS1/4 on input line 293.
Package textcomp Info: Setting pnc sub-encoding to TS1/4 on input line 294.
Package textcomp Info: Setting pzc sub-encoding to TS1/4 on input line 295.
Package textcomp Info: Setting bch sub-encoding to TS1/4 on input line 296.
Package textcomp Info: Setting put sub-encoding to TS1/5 on input line 297.
Package textcomp Info: Setting uag sub-encoding to TS1/5 on input line 298.
Package textcomp Info: Setting ugq sub-encoding to TS1/5 on input line 299.
Package textcomp Info: Setting ul8 sub-encoding to TS1/4 on input line 300.
Package textcomp Info: Setting ul9 sub-encoding to TS1/4 on input line 301.
Package textcomp Info: Setting augie sub-encoding to TS1/5 on input line 302.
Package textcomp Info: Setting dayrom sub-encoding to TS1/3 on input line 303.
Package textcomp Info: Setting dayroms sub-encoding to TS1/3 on input line 304.

Package textcomp Info: Setting pxr sub-encoding to TS1/0 on input line 305.
Package textcomp Info: Setting pxss sub-encoding to TS1/0 on input line 306.
Package textcomp Info: Setting pxtt sub-encoding to TS1/0 on input line 307.
Package textcomp Info: Setting txr sub-encoding to TS1/0 on input line 308.
Package textcomp Info: Setting txss sub-encoding to TS1/0 on input line 309.
Package textcomp Info: Setting txtt sub-encoding to TS1/0 on input line 310.
Package textcomp Info: Setting futs sub-encoding to TS1/4 on input line 311.
Package textcomp Info: Setting futx sub-encoding to TS1/4 on input line 312.
Package textcomp Info: Setting futj sub-encoding to TS1/4 on input line 313.
Package textcomp Info: Setting hlh sub-encoding to TS1/3 on input line 314.
Package textcomp Info: Setting hls sub-encoding to TS1/3 on input line 315.
Package textcomp Info: Setting hlst sub-encoding to TS1/3 on input line 316.
Package textcomp Info: Setting hlct sub-encoding to TS1/5 on input line 317.
Package textcomp Info: Setting hlx sub-encoding to TS1/5 on input line 318.
Package textcomp Info: Setting hlce sub-encoding to TS1/5 on input line 319.
Package textcomp Info: Setting hlcn sub-encoding to TS1/5 on input line 320.
Package textcomp Info: Setting hlcw sub-encoding to TS1/5 on input line 321.
Package textcomp Info: Setting hlcf sub-encoding to TS1/5 on input line 322.
Package textcomp Info: Setting pplx sub-encoding to TS1/3 on input line 323.
Package textcomp Info: Setting pplj sub-encoding to TS1/3 on input line 324.
Package textcomp Info: Setting ptmx sub-encoding to TS1/4 on input line 325.
Package textcomp Info: Setting ptmj sub-encoding to TS1/4 on input line 326.
)
(/usr/share/texmf-texlive/tex/latex/base/alltt.sty
Package: alltt 1997/06/16 v2.0g defines alltt environment
)
(/usr/share/texmf-texlive/tex/latex/psnfss/times.sty
Package: times 2005/04/12 PSNFSS-v9.2a (SPQR) 
)
(/usr/share/texmf-texlive/tex/generic/oberdiek/ifpdf.sty
Package: ifpdf 2009/04/10 v2.0 Provides the ifpdf switch (HO)
Package ifpdf Info: pdfTeX in pdf mode detected.
)
(/usr/share/texmf-texlive/tex/latex/hyperref/hyperref.sty
Package: hyperref 2009/10/09 v6.79a Hypertext links for LaTeX

(/usr/share/texmf-texlive/tex/generic/oberdiek/ifvtex.sty
Package: ifvtex 2008/11/04 v1.4 Switches for detecting VTeX and its modes (HO)
Package ifvtex Info: VTeX not detected.
)
(/usr/share/texmf-texlive/tex/generic/ifxetex/ifxetex.sty
Package: ifxetex 2009/01/23 v0.5 Provides ifxetex conditional
)
(/usr/share/texmf-texlive/tex/latex/oberdiek/hycolor.sty
Package: hycolor 2009/10/02 v1.5 Code for color options of hyperref/bookmark (H
O)

(/usr/share/texmf-texlive/tex/latex/oberdiek/xcolor-patch.sty
Package: xcolor-patch 2009/10/02 xcolor patch
))
\@linkdim=\dimen117
\Hy@linkcounter=\count106
\Hy@pagecounter=\count107

(/usr/share/texmf-texlive/tex/latex/hyperref/pd1enc.def
File: pd1enc.def 2009/10/09 v6.79a Hyperref: PDFDocEncoding definition (HO)
)
(/usr/share/texmf-texlive/tex/generic/oberdiek/etexcmds.sty
Package: etexcmds 2007/12/12 v1.2 Prefix for e-TeX command names (HO)

(/usr/share/texmf-texlive/tex/generic/oberdiek/infwarerr.sty
Package: infwarerr 2007/09/09 v1.2 Providing info/warning/message (HO)
)
Package etexcmds Info: Could not find \expanded.
(etexcmds)             That can mean that you are not using pdfTeX 1.50 or
(etexcmds)             that some package has redefined \expanded.
(etexcmds)             In the latter case, load this package earlier.
)
(/etc/texmf/tex/latex/config/hyperref.cfg
File: hyperref.cfg 2002/06/06 v1.2 hyperref configuration of TeXLive
)
(/usr/share/texmf-texlive/tex/latex/oberdiek/kvoptions.sty
Package: kvoptions 2009/08/13 v3.4 Keyval support for LaTeX options (HO)

(/usr/share/texmf-texlive/tex/generic/oberdiek/kvsetkeys.sty
Package: kvsetkeys 2009/07/30 v1.5 Key value parser with default handler suppor
t (HO)
))
Package hyperref Info: Option `colorlinks' set `true' on input line 2864.
Package hyperref Info: Option `unicode' set `true' on input line 2864.

(/usr/share/texmf-texlive/tex/latex/hyperref/puenc.def
File: puenc.def 2009/10/09 v6.79a Hyperref: PDF Unicode definition (HO)
)
Package hyperref Info: Hyper figures OFF on input line 2975.
Package hyperref Info: Link nesting OFF on input line 2980.
Package hyperref Info: Hyper index ON on input line 2983.
Package hyperref Info: Plain pages OFF on input line 2990.
Package hyperref Info: Backreferencing ON on input line 2993.

Implicit mode ON; LaTeX internals redefined
Package hyperref Info: Bookmarks ON on input line 3191.
(/usr/share/texmf-texlive/tex/latex/hyperref/backref.sty
Package: backref 2006/09/05 v1.28 Bibliographical back referencing
)
(/usr/share/texmf-texlive/tex/latex/ltxmisc/url.sty
\Urlmuskip=\muskip10
Package: url 2006/04/12  ver 3.3  Verb mode for urls, etc.
)
LaTeX Info: Redefining \url on input line 3428.

(/usr/share/texmf-texlive/tex/generic/oberdiek/bitset.sty
Package: bitset 2007/09/28 v1.0 Data type bit set (HO)

(/usr/share/texmf-texlive/tex/generic/oberdiek/intcalc.sty
Package: intcalc 2007/09/27 v1.1 Expandable integer calculations (HO)
)
(/usr/share/texmf-texlive/tex/generic/oberdiek/bigintcalc.sty
Package: bigintcalc 2007/11/11 v1.1 Expandable big integer calculations (HO)

(/usr/share/texmf-texlive/tex/generic/oberdiek/pdftexcmds.sty
Package: pdftexcmds 2009/09/23 v0.6 LuaTeX support for pdfTeX utility functions
 (HO)

(/usr/share/texmf-texlive/tex/generic/oberdiek/ifluatex.sty
Package: ifluatex 2009/04/17 v1.2 Provides the ifluatex switch (HO)
Package ifluatex Info: LuaTeX not detected.
)
(/usr/share/texmf-texlive/tex/generic/oberdiek/ltxcmds.sty
Package: ltxcmds 2009/08/05 v1.0 Some LaTeX kernel commands for general use (HO
)
)
Package pdftexcmds Info: LuaTeX not detected.
Package pdftexcmds Info: \pdf@primitive is available.
Package pdftexcmds Info: \pdf@ifprimitive is available.
)))
\Fld@menulength=\count108
\Field@Width=\dimen118
\Fld@charsize=\dimen119
\Field@toks=\toks18
Package hyperref Info: Hyper figures OFF on input line 4377.
Package hyperref Info: Link nesting OFF on input line 4382.
Package hyperref Info: Hyper index ON on input line 4385.
Package hyperref Info: backreferencing ON on input line 4390.
Package hyperref Info: Link coloring ON on input line 4395.
Package hyperref Info: Link coloring with OCG OFF on input line 4402.
Package hyperref Info: PDF/A mode OFF on input line 4407.

(/usr/share/texmf-texlive/tex/generic/oberdiek/atbegshi.sty
Package: atbegshi 2008/07/31 v1.9 At begin shipout hook (HO)
)
\Hy@abspage=\count109
\c@Item=\count110
\c@Hfootnote=\count111
)
*hyperref using driver hpdftex*
(/usr/share/texmf-texlive/tex/latex/hyperref/hpdftex.def
File: hpdftex.def 2009/10/09 v6.79a Hyperref driver for pdfTeX
\Fld@listcount=\count112
)
(/usr/share/texmf-texlive/tex/latex/base/inputenc.sty
Package: inputenc 2008/03/30 v1.1d Input encoding file
\inpenc@prehook=\toks19
\inpenc@posthook=\toks20

(/usr/share/texmf-texlive/tex/latex/base/utf8.def
File: utf8.def 2008/04/05 v1.1m UTF-8 support for inputenc
Now handling font encoding OML ...
... no UTF-8 mapping file for font encoding OML
Now handling font encoding T1 ...
... processing UTF-8 mapping file for font encoding T1

(/usr/share/texmf-texlive/tex/latex/base/t1enc.dfu
File: t1enc.dfu 2008/04/05 v1.1m UTF-8 support for inputenc
   defining Unicode char U+00A1 (decimal 161)
   defining Unicode char U+00A3 (decimal 163)
   defining Unicode char U+00AB (decimal 171)
   defining Unicode char U+00BB (decimal 187)
   defining Unicode char U+00BF (decimal 191)
   defining Unicode char U+00C0 (decimal 192)
   defining Unicode char U+00C1 (decimal 193)
   defining Unicode char U+00C2 (decimal 194)
   defining Unicode char U+00C3 (decimal 195)
   defining Unicode char U+00C4 (decimal 196)
   defining Unicode char U+00C5 (decimal 197)
   defining Unicode char U+00C6 (decimal 198)
   defining Unicode char U+00C7 (decimal 199)
   defining Unicode char U+00C8 (decimal 200)
   defining Unicode char U+00C9 (decimal 201)
   defining Unicode char U+00CA (decimal 202)
   defining Unicode char U+00CB (decimal 203)
   defining Unicode char U+00CC (decimal 204)
   defining Unicode char U+00CD (decimal 205)
   defining Unicode char U+00CE (decimal 206)
   defining Unicode char U+00CF (decimal 207)
   defining Unicode char U+00D0 (decimal 208)
   defining Unicode char U+00D1 (decimal 209)
   defining Unicode char U+00D2 (decimal 210)
   defining Unicode char U+00D3 (decimal 211)
   defining Unicode char U+00D4 (decimal 212)
   defining Unicode char U+00D5 (decimal 213)
   defining Unicode char U+00D6 (decimal 214)
   defining Unicode char U+00D8 (decimal 216)
   defining Unicode char U+00D9 (decimal 217)
   defining Unicode char U+00DA (decimal 218)
   defining Unicode char U+00DB (decimal 219)
   defining Unicode char U+00DC (decimal 220)
   defining Unicode char U+00DD (decimal 221)
   defining Unicode char U+00DE (decimal 222)
   defining Unicode char U+00DF (decimal 223)
   defining Unicode char U+00E0 (decimal 224)
   defining Unicode char U+00E1 (decimal 225)
   defining Unicode char U+00E2 (decimal 226)
   defining Unicode char U+00E3 (decimal 227)
   defining Unicode char U+00E4 (decimal 228)
   defining Unicode char U+00E5 (decimal 229)
   defining Unicode char U+00E6 (decimal 230)
   defining Unicode char U+00E7 (decimal 231)
   defining Unicode char U+00E8 (decimal 232)
   defining Unicode char U+00E9 (decimal 233)
   defining Unicode char U+00EA (decimal 234)
   defining Unicode char U+00EB (decimal 235)
   defining Unicode char U+00EC (decimal 236)
   defining Unicode char U+00ED (decimal 237)
   defining Unicode char U+00EE (decimal 238)
   defining Unicode char U+00EF (decimal 239)
   defining Unicode char U+00F0 (decimal 240)
   defining Unicode char U+00F1 (decimal 241)
   defining Unicode char U+00F2 (decimal 242)
   defining Unicode char U+00F3 (decimal 243)
   defining Unicode char U+00F4 (decimal 244)
   defining Unicode char U+00F5 (decimal 245)
   defining Unicode char U+00F6 (decimal 246)
   defining Unicode char U+00F8 (decimal 248)
   defining Unicode char U+00F9 (decimal 249)
   defining Unicode char U+00FA (decimal 250)
   defining Unicode char U+00FB (decimal 251)
   defining Unicode char U+00FC (decimal 252)
   defining Unicode char U+00FD (decimal 253)
   defining Unicode char U+00FE (decimal 254)
   defining Unicode char U+00FF (decimal 255)
   defining Unicode char U+0102 (decimal 258)
   defining Unicode char U+0103 (decimal 259)
   defining Unicode char U+0104 (decimal 260)
   defining Unicode char U+0105 (decimal 261)
   defining Unicode char U+0106 (decimal 262)
   defining Unicode char U+0107 (decimal 263)
   defining Unicode char U+010C (decimal 268)
   defining Unicode char U+010D (decimal 269)
   defining Unicode char U+010E (decimal 270)
   defining Unicode char U+010F (decimal 271)
   defining Unicode char U+0110 (decimal 272)
   defining Unicode char U+0111 (decimal 273)
   defining Unicode char U+0118 (decimal 280)
   defining Unicode char U+0119 (decimal 281)
   defining Unicode char U+011A (decimal 282)
   defining Unicode char U+011B (decimal 283)
   defining Unicode char U+011E (decimal 286)
   defining Unicode char U+011F (decimal 287)
   defining Unicode char U+0130 (decimal 304)
   defining Unicode char U+0131 (decimal 305)
   defining Unicode char U+0132 (decimal 306)
   defining Unicode char U+0133 (decimal 307)
   defining Unicode char U+0139 (decimal 313)
   defining Unicode char U+013A (decimal 314)
   defining Unicode char U+013D (decimal 317)
   defining Unicode char U+013E (decimal 318)
   defining Unicode char U+0141 (decimal 321)
   defining Unicode char U+0142 (decimal 322)
   defining Unicode char U+0143 (decimal 323)
   defining Unicode char U+0144 (decimal 324)
   defining Unicode char U+0147 (decimal 327)
   defining Unicode char U+0148 (decimal 328)
   defining Unicode char U+014A (decimal 330)
   defining Unicode char U+014B (decimal 331)
   defining Unicode char U+0150 (decimal 336)
   defining Unicode char U+0151 (decimal 337)
   defining Unicode char U+0152 (decimal 338)
   defining Unicode char U+0153 (decimal 339)
   defining Unicode char U+0154 (decimal 340)
   defining Unicode char U+0155 (decimal 341)
   defining Unicode char U+0158 (decimal 344)
   defining Unicode char U+0159 (decimal 345)
   defining Unicode char U+015A (decimal 346)
   defining Unicode char U+015B (decimal 347)
   defining Unicode char U+015E (decimal 350)
   defining Unicode char U+015F (decimal 351)
   defining Unicode char U+0160 (decimal 352)
   defining Unicode char U+0161 (decimal 353)
   defining Unicode char U+0162 (decimal 354)
   defining Unicode char U+0163 (decimal 355)
   defining Unicode char U+0164 (decimal 356)
   defining Unicode char U+0165 (decimal 357)
   defining Unicode char U+016E (decimal 366)
   defining Unicode char U+016F (decimal 367)
   defining Unicode char U+0170 (decimal 368)
   defining Unicode char U+0171 (decimal 369)
   defining Unicode char U+0178 (decimal 376)
   defining Unicode char U+0179 (decimal 377)
   defining Unicode char U+017A (decimal 378)
   defining Unicode char U+017B (decimal 379)
   defining Unicode char U+017C (decimal 380)
   defining Unicode char U+017D (decimal 381)
   defining Unicode char U+017E (decimal 382)
   defining Unicode char U+200C (decimal 8204)
   defining Unicode char U+2013 (decimal 8211)
   defining Unicode char U+2014 (decimal 8212)
   defining Unicode char U+2018 (decimal 8216)
   defining Unicode char U+2019 (decimal 8217)
   defining Unicode char U+201A (decimal 8218)
   defining Unicode char U+201C (decimal 8220)
   defining Unicode char U+201D (decimal 8221)
   defining Unicode char U+201E (decimal 8222)
   defining Unicode char U+2030 (decimal 8240)
   defining Unicode char U+2031 (decimal 8241)
   defining Unicode char U+2039 (decimal 8249)
   defining Unicode char U+203A (decimal 8250)
   defining Unicode char U+2423 (decimal 9251)
)
Now handling font encoding OT1 ...
... processing UTF-8 mapping file for font encoding OT1

(/usr/share/texmf-texlive/tex/latex/base/ot1enc.dfu
File: ot1enc.dfu 2008/04/05 v1.1m UTF-8 support for inputenc
   defining Unicode char U+00A1 (decimal 161)
   defining Unicode char U+00A3 (decimal 163)
   defining Unicode char U+00B8 (decimal 184)
   defining Unicode char U+00BF (decimal 191)
   defining Unicode char U+00C5 (decimal 197)
   defining Unicode char U+00C6 (decimal 198)
   defining Unicode char U+00D8 (decimal 216)
   defining Unicode char U+00DF (decimal 223)
   defining Unicode char U+00E6 (decimal 230)
   defining Unicode char U+00EC (decimal 236)
   defining Unicode char U+00ED (decimal 237)
   defining Unicode char U+00EE (decimal 238)
   defining Unicode char U+00EF (decimal 239)
   defining Unicode char U+00F8 (decimal 248)
   defining Unicode char U+0131 (decimal 305)
   defining Unicode char U+0141 (decimal 321)
   defining Unicode char U+0142 (decimal 322)
   defining Unicode char U+0152 (decimal 338)
   defining Unicode char U+0153 (decimal 339)
   defining Unicode char U+2013 (decimal 8211)
   defining Unicode char U+2014 (decimal 8212)
   defining Unicode char U+2018 (decimal 8216)
   defining Unicode char U+2019 (decimal 8217)
   defining Unicode char U+201C (decimal 8220)
   defining Unicode char U+201D (decimal 8221)
)
Now handling font encoding OMS ...
... processing UTF-8 mapping file for font encoding OMS

(/usr/share/texmf-texlive/tex/latex/base/omsenc.dfu
File: omsenc.dfu 2008/04/05 v1.1m UTF-8 support for inputenc
   defining Unicode char U+00A7 (decimal 167)
   defining Unicode char U+00B6 (decimal 182)
   defining Unicode char U+00B7 (decimal 183)
   defining Unicode char U+2020 (decimal 8224)
   defining Unicode char U+2021 (decimal 8225)
   defining Unicode char U+2022 (decimal 8226)
)
Now handling font encoding OMX ...
... no UTF-8 mapping file for font encoding OMX
Now handling font encoding U ...
... no UTF-8 mapping file for font encoding U
Now handling font encoding TS1 ...
... processing UTF-8 mapping file for font encoding TS1

(/usr/share/texmf-texlive/tex/latex/base/ts1enc.dfu
File: ts1enc.dfu 2008/04/05 v1.1m UTF-8 support for inputenc
   defining Unicode char U+00A2 (decimal 162)
   defining Unicode char U+00A3 (decimal 163)
   defining Unicode char U+00A4 (decimal 164)
   defining Unicode char U+00A5 (decimal 165)
   defining Unicode char U+00A6 (decimal 166)
   defining Unicode char U+00A7 (decimal 167)
   defining Unicode char U+00A8 (decimal 168)
   defining Unicode char U+00A9 (decimal 169)
   defining Unicode char U+00AA (decimal 170)
   defining Unicode char U+00AC (decimal 172)
   defining Unicode char U+00AE (decimal 174)
   defining Unicode char U+00AF (decimal 175)
   defining Unicode char U+00B0 (decimal 176)
   defining Unicode char U+00B1 (decimal 177)
   defining Unicode char U+00B2 (decimal 178)
   defining Unicode char U+00B3 (decimal 179)
   defining Unicode char U+00B4 (decimal 180)
   defining Unicode char U+00B5 (decimal 181)
   defining Unicode char U+00B6 (decimal 182)
   defining Unicode char U+00B7 (decimal 183)
   defining Unicode char U+00B9 (decimal 185)
   defining Unicode char U+00BA (decimal 186)
   defining Unicode char U+00BC (decimal 188)
   defining Unicode char U+00BD (decimal 189)
   defining Unicode char U+00BE (decimal 190)
   defining Unicode char U+00D7 (decimal 215)
   defining Unicode char U+00F7 (decimal 247)
   defining Unicode char U+0192 (decimal 402)
   defining Unicode char U+02C7 (decimal 711)
   defining Unicode char U+02D8 (decimal 728)
   defining Unicode char U+02DD (decimal 733)
   defining Unicode char U+0E3F (decimal 3647)
   defining Unicode char U+2016 (decimal 8214)
   defining Unicode char U+2020 (decimal 8224)
   defining Unicode char U+2021 (decimal 8225)
   defining Unicode char U+2022 (decimal 8226)
   defining Unicode char U+2030 (decimal 8240)
   defining Unicode char U+2031 (decimal 8241)
   defining Unicode char U+203B (decimal 8251)
   defining Unicode char U+203D (decimal 8253)
   defining Unicode char U+2044 (decimal 8260)
   defining Unicode char U+204E (decimal 8270)
   defining Unicode char U+2052 (decimal 8274)
   defining Unicode char U+20A1 (decimal 8353)
   defining Unicode char U+20A4 (decimal 8356)
   defining Unicode char U+20A6 (decimal 8358)
   defining Unicode char U+20A9 (decimal 8361)
   defining Unicode char U+20AB (decimal 8363)
   defining Unicode char U+20AC (decimal 8364)
   defining Unicode char U+20B1 (decimal 8369)
   defining Unicode char U+2103 (decimal 8451)
   defining Unicode char U+2116 (decimal 8470)
   defining Unicode char U+2117 (decimal 8471)
   defining Unicode char U+211E (decimal 8478)
   defining Unicode char U+2120 (decimal 8480)
   defining Unicode char U+2122 (decimal 8482)
   defining Unicode char U+2126 (decimal 8486)
   defining Unicode char U+2127 (decimal 8487)
   defining Unicode char U+212E (decimal 8494)
   defining Unicode char U+2190 (decimal 8592)
   defining Unicode char U+2191 (decimal 8593)
   defining Unicode char U+2192 (decimal 8594)
   defining Unicode char U+2193 (decimal 8595)
   defining Unicode char U+2329 (decimal 9001)
   defining Unicode char U+232A (decimal 9002)
   defining Unicode char U+2422 (decimal 9250)
   defining Unicode char U+25E6 (decimal 9702)
   defining Unicode char U+25EF (decimal 9711)
   defining Unicode char U+266A (decimal 9834)
)
Now handling font encoding PD1 ...
... no UTF-8 mapping file for font encoding PD1
Now handling font encoding PU ...
... no UTF-8 mapping file for font encoding PU
   defining Unicode char U+00A9 (decimal 169)
   defining Unicode char U+00AA (decimal 170)
   defining Unicode char U+00AE (decimal 174)
   defining Unicode char U+00BA (decimal 186)
   defining Unicode char U+02C6 (decimal 710)
   defining Unicode char U+02DC (decimal 732)
   defining Unicode char U+200C (decimal 8204)
   defining Unicode char U+2026 (decimal 8230)
   defining Unicode char U+2122 (decimal 8482)
   defining Unicode char U+2423 (decimal 9251)
)) (./doxygen.sty
Package: doxygen 

(/usr/share/texmf-texlive/tex/latex/tools/array.sty
Package: array 2008/09/09 v2.4c Tabular extension package (FMi)
\col@sep=\dimen120
\extrarowheight=\dimen121
\NC@list=\toks21
\extratabsurround=\skip45
\backup@length=\skip46
)
(/usr/share/texmf-texlive/tex/latex/tools/calc.sty
Package: calc 2007/08/22 v4.3 Infix arithmetic (KKT,FJ)
\calc@Acount=\count113
\calc@Bcount=\count114
\calc@Adimen=\dimen122
\calc@Bdimen=\dimen123
\calc@Askip=\skip47
\calc@Bskip=\skip48
LaTeX Info: Redefining \setlength on input line 76.
LaTeX Info: Redefining \addtolength on input line 77.
\calc@Ccount=\count115
\calc@Cskip=\skip49
)
(/usr/share/texmf-texlive/tex/latex/fancyhdr/fancyhdr.sty
\fancy@headwidth=\skip50
\f@ncyO@elh=\skip51
\f@ncyO@erh=\skip52
\f@ncyO@olh=\skip53
\f@ncyO@orh=\skip54
\f@ncyO@elf=\skip55
\f@ncyO@erf=\skip56
\f@ncyO@olf=\skip57
\f@ncyO@orf=\skip58
)
(/usr/share/texmf-texlive/tex/latex/tools/verbatim.sty
Package: verbatim 2003/08/22 v1.5q LaTeX2e package for verbatim enhancements
\every@verbatim=\toks22
\verbatim@line=\toks23
\verbatim@in@stream=\read1
)
\tmplength=\skip59

(/usr/share/texmf-texlive/tex/latex/base/fontenc.sty
Package: fontenc 2005/09/27 v1.99g Standard LaTeX package

(/usr/share/texmf-texlive/tex/latex/base/t1enc.def
File: t1enc.def 2005/09/27 v1.99g Standard LaTeX file
LaTeX Font Info:    Redeclaring font encoding T1 on input line 43.
)))
(/usr/share/texmf-texlive/tex/latex/listings/lstlang1.sty
File: lstlang1.sty 2004/09/05 1.3 listings language file
)
(/usr/share/texmf-texlive/tex/latex/listings/lstlang1.sty
File: lstlang1.sty 2004/09/05 1.3 listings language file
)
(/usr/share/texmf-texlive/tex/latex/listings/lstmisc.sty
File: lstmisc.sty 2007/02/22 1.4 (Carsten Heinz)
)
\@indexfile=\write3
\openout3 = `refman.idx'.


Writing index file refman.idx
(./refman.aux (./structclient__config.aux) (./structlist.aux)
(./structreader.aux) (./structrfid__server__info.aux) (./structtag.aux)
(./client_8c.aux) (./client_8h.aux) (./config_8c.aux) (./config_8h.aux)
(./list_8c.aux) (./list_8h.aux) (./reader_8c.aux) (./reader_8h.aux)
(./rfid__reader__handler_8c.aux) (./string__utils_8c.aux))
\openout1 = `refman.aux'.

LaTeX Font Info:    Checking defaults for OML/cmm/m/it on input line 35.
LaTeX Font Info:    ... okay on input line 35.
LaTeX Font Info:    Checking defaults for T1/cmr/m/n on input line 35.
LaTeX Font Info:    ... okay on input line 35.
LaTeX Font Info:    Checking defaults for OT1/cmr/m/n on input line 35.
LaTeX Font Info:    ... okay on input line 35.
LaTeX Font Info:    Checking defaults for OMS/cmsy/m/n on input line 35.
LaTeX Font Info:    ... okay on input line 35.
LaTeX Font Info:    Checking defaults for OMX/cmex/m/n on input line 35.
LaTeX Font Info:    ... okay on input line 35.
LaTeX Font Info:    Checking defaults for U/cmr/m/n on input line 35.
LaTeX Font Info:    ... okay on input line 35.
LaTeX Font Info:    Checking defaults for TS1/cmr/m/n on input line 35.
LaTeX Font Info:    Try loading font information for TS1+cmr on input line 35.

(/usr/share/texmf-texlive/tex/latex/base/ts1cmr.fd
File: ts1cmr.fd 1999/05/25 v2.5h Standard LaTeX font definitions
)
LaTeX Font Info:    ... okay on input line 35.
LaTeX Font Info:    Checking defaults for PD1/pdf/m/n on input line 35.
LaTeX Font Info:    ... okay on input line 35.
LaTeX Font Info:    Checking defaults for PU/pdf/m/n on input line 35.
LaTeX Font Info:    ... okay on input line 35.
LaTeX Font Info:    Try loading font information for T1+ptm on input line 35.

(/usr/share/texmf-texlive/tex/latex/psnfss/t1ptm.fd
File: t1ptm.fd 2001/06/04 font definitions for T1/ptm.
)
(/usr/share/texmf-texlive/tex/context/base/supp-pdf.mkii
[Loading MPS to PDF converter (version 2006.09.02).]
\scratchcounter=\count116
\scratchdimen=\dimen124
\scratchbox=\box56
\nofMPsegments=\count117
\nofMParguments=\count118
\everyMPshowfont=\toks24
\MPscratchCnt=\count119
\MPscratchDim=\dimen125
\MPnumerator=\count120
\everyMPtoPDFconversion=\toks25
)
\c@lstlisting=\count121
Package hyperref Info: Link coloring ON on input line 35.
 (/usr/share/texmf-texlive/tex/latex/hyperref/nameref.sty
Package: nameref 2007/05/29 v2.31 Cross-referencing by name of section

(/usr/share/texmf-texlive/tex/latex/oberdiek/refcount.sty
Package: refcount 2008/08/11 v3.1 Data extraction from references (HO)
)
\c@section@level=\count122
)
LaTeX Info: Redefining \ref on input line 35.
LaTeX Info: Redefining \pageref on input line 35.
 (./refman.out)
(./refman.out)
\@outlinefile=\write4
\openout4 = `refman.out'.

\AtBeginShipoutBox=\box57
Package hyperref Info: Option `pageanchor' set `false' on input line 36.
 [1


{/var/lib/texmf/fonts/map/pdftex/updmap/pdftex.map}] [2

]
LaTeX Font Info:    Font shape `T1/ptm/bx/n' in size <24.88> not available
(Font)              Font shape `T1/ptm/b/n' tried instead on input line 49.

(./refman.toc
LaTeX Font Info:    Font shape `T1/ptm/bx/n' in size <10> not available
(Font)              Font shape `T1/ptm/b/n' tried instead on input line 1.
LaTeX Font Info:    External font `cmex10' loaded for size
(Font)              <7> on input line 3.
LaTeX Font Info:    External font `cmex10' loaded for size
(Font)              <5> on input line 3.
 [1

]
Underfull \vbox (badness 1389) has occurred while \output is active []

LaTeX Font Info:    Font shape `T1/ptm/bx/n' in size <7> not available
(Font)              Font shape `T1/ptm/b/n' tried instead on input line 64.
 [2]
Underfull \vbox (badness 1389) has occurred while \output is active []

 [3])
\tf@toc=\write5
\openout5 = `refman.toc'.


[4]
Package hyperref Info: Option `pageanchor' set `true' on input line 52.

Chapter 1.
LaTeX Font Info:    Font shape `T1/ptm/bx/n' in size <20.74> not available
(Font)              Font shape `T1/ptm/b/n' tried instead on input line 53.
(./todo.tex) [1


] [2

]
Chapter 2.
(./annotated.tex
LaTeX Font Info:    Font shape `T1/ptm/bx/n' in size <14.4> not available
(Font)              Font shape `T1/ptm/b/n' tried instead on input line 1.
) [3] [4

]
Chapter 3.
(./files.tex

LaTeX Warning: Reference `avahi-publish_8c' on page 5 undefined on input line 3
.


LaTeX Warning: Reference `big__rfid__test_8c' on page 5 undefined on input line
 5.


LaTeX Warning: Reference `string__utils_8h' on page 5 undefined on input line 1
6.


LaTeX Warning: Reference `test_8c' on page 5 undefined on input line 17.

) [5] [6

]
Chapter 4.
(./structavahi__callback__params.tex
LaTeX Font Info:    Try loading font information for T1+pcr on input line 12.

(/usr/share/texmf-texlive/tex/latex/psnfss/t1pcr.fd
File: t1pcr.fd 2001/06/04 font definitions for T1/pcr.
)
<structavahi__callback__params__coll__graph.pdf, id=764, 126.4725pt x 174.6525p
t>
File: structavahi__callback__params__coll__graph.pdf Graphic file (type pdf)
 <use structavahi__callback__params__coll__graph.pdf>
LaTeX Font Info:    Font shape `T1/ptm/bx/n' in size <12> not available
(Font)              Font shape `T1/ptm/b/n' tried instead on input line 23.
LaTeX Font Info:    Try loading font information for TS1+ptm on input line 26.

(/usr/share/texmf-texlive/tex/latex/psnfss/ts1ptm.fd
File: ts1ptm.fd 2001/06/04 font definitions for TS1/ptm.
) [7 <./structavahi__callback__params__coll__graph.pdf>]) [8]
\openout2 = `structclient__config.aux'.

 (./structclient__config.tex
<structclient__config__coll__graph.pdf, id=792, 78.2925pt x 102.3825pt>
File: structclient__config__coll__graph.pdf Graphic file (type pdf)

<use structclient__config__coll__graph.pdf>) [9

 <./structclient__config__coll__graph.pdf>]
\openout2 = `structlist.aux'.

 (./structlist.tex) [10


]
\openout2 = `structreader.aux'.

 (./structreader.tex) [11


]
\openout2 = `structrfid__server__info.aux'.


(./structrfid__server__info.tex) [12


]
\openout2 = `structtag.aux'.

 (./structtag.tex
<structtag__coll__graph.pdf, id=851, 55.20625pt x 102.3825pt>
File: structtag__coll__graph.pdf Graphic file (type pdf)

<use structtag__coll__graph.pdf>) [13


 <./structtag__coll__graph.pdf>] [14


]
Chapter 5.
(./avahi__dns__handler_8c.tex
<avahi__dns__handler_8c__incl.pdf, id=872, 1051.93pt x 88.33pt>
File: avahi__dns__handler_8c__incl.pdf Graphic file (type pdf)

<use avahi__dns__handler_8c__incl.pdf>
<avahi__dns__handler_8c__dep__incl.pdf, id=873, 158.5925pt x 30.1125pt>
File: avahi__dns__handler_8c__dep__incl.pdf Graphic file (type pdf)

<use avahi__dns__handler_8c__dep__incl.pdf> [15 <./avahi__dns__handler_8c__incl
.pdf> <./avahi__dns__handler_8c__dep__incl.pdf>]
Underfull \hbox (badness 1776) in paragraph at lines 36--38
\T1/ptm/m/n/10 col, Avahi-BrowserEvent event, const char $\OMS/cmsy/m/n/10 ^^C$
\T1/ptm/m/n/10 name, const char $\OMS/cmsy/m/n/10 ^^C$\T1/ptm/m/n/10 type, cons
t char $\OMS/cmsy/m/n/10 ^^C$\T1/ptm/m/n/10 domain,
 []

LaTeX Font Info:    Font shape `T1/ptm/bx/it' in size <10> not available
(Font)              Font shape `T1/ptm/b/it' tried instead on input line 65.

<avahi__dns__handler_8c_a0631c3c52c14996e91db6a5618d3d2b8_cgraph.pdf, id=899, 6
80.5425pt x 558.085pt>
File: avahi__dns__handler_8c_a0631c3c52c14996e91db6a5618d3d2b8_cgraph.pdf Graph
ic file (type pdf)

<use avahi__dns__handler_8c_a0631c3c52c14996e91db6a5618d3d2b8_cgraph.pdf>
[16]
<avahi__dns__handler_8c_a0a5dcec1ec57a60846e370d34a003a4a_cgraph.pdf, id=910, 5
64.1075pt x 558.085pt>
File: avahi__dns__handler_8c_a0a5dcec1ec57a60846e370d34a003a4a_cgraph.pdf Graph
ic file (type pdf)

<use avahi__dns__handler_8c_a0a5dcec1ec57a60846e370d34a003a4a_cgraph.pdf>
Underfull \vbox (badness 5592) has occurred while \output is active []

 [17 <./avahi__dns__handler_8c_a0631c3c52c14996e91db6a5618d3d2b8_cgraph.pdf>]
<avahi__dns__handler_8c_a0a5dcec1ec57a60846e370d34a003a4a_icgraph.pdf, id=920, 
212.795pt x 30.1125pt>
File: avahi__dns__handler_8c_a0a5dcec1ec57a60846e370d34a003a4a_icgraph.pdf Grap
hic file (type pdf)

<use avahi__dns__handler_8c_a0a5dcec1ec57a60846e370d34a003a4a_icgraph.pdf>
<avahi__dns__handler_8c_a8abc8d2d0f6f9a171d8c02d6d9285fbf_icgraph.pdf, id=921, 
206.7725pt x 30.1125pt>
File: avahi__dns__handler_8c_a8abc8d2d0f6f9a171d8c02d6d9285fbf_icgraph.pdf Grap
hic file (type pdf)

<use avahi__dns__handler_8c_a8abc8d2d0f6f9a171d8c02d6d9285fbf_icgraph.pdf>
[18 <./avahi__dns__handler_8c_a0a5dcec1ec57a60846e370d34a003a4a_cgraph.pdf> <./
avahi__dns__handler_8c_a0a5dcec1ec57a60846e370d34a003a4a_icgraph.pdf> <./avahi_
_dns__handler_8c_a8abc8d2d0f6f9a171d8c02d6d9285fbf_icgraph.pdf>]
<avahi__dns__handler_8c_a9c1f95b206f4fe188f24471c4dbb2e2b_cgraph.pdf, id=942, 3
99.4925pt x 260.975pt>
File: avahi__dns__handler_8c_a9c1f95b206f4fe188f24471c4dbb2e2b_cgraph.pdf Graph
ic file (type pdf)

<use avahi__dns__handler_8c_a9c1f95b206f4fe188f24471c4dbb2e2b_cgraph.pdf>
<avahi__dns__handler_8c_a9c1f95b206f4fe188f24471c4dbb2e2b_icgraph.pdf, id=943, 
339.2675pt x 30.1125pt>
File: avahi__dns__handler_8c_a9c1f95b206f4fe188f24471c4dbb2e2b_icgraph.pdf Grap
hic file (type pdf)

<use avahi__dns__handler_8c_a9c1f95b206f4fe188f24471c4dbb2e2b_icgraph.pdf>)
[19 <./avahi__dns__handler_8c_a9c1f95b206f4fe188f24471c4dbb2e2b_cgraph.pdf> <./
avahi__dns__handler_8c_a9c1f95b206f4fe188f24471c4dbb2e2b_icgraph.pdf>]
\openout2 = `client_8c.aux'.


(./client_8c.tex <client_8c__incl.pdf, id=959, 740.7675pt x 204.765pt>
File: client_8c__incl.pdf Graphic file (type pdf)

<use client_8c__incl.pdf>
<client_8c__dep__incl.pdf, id=960, 100.375pt x 30.1125pt>
File: client_8c__dep__incl.pdf Graphic file (type pdf)

<use client_8c__dep__incl.pdf>
Underfull \vbox (badness 1194) has occurred while \output is active []

 [20

 <./client_8c__incl.pdf> <./client_8c__dep__incl.pdf>]
<client_8c_aeb76476d4872310249ea0634068eff67_cgraph.pdf, id=988, 788.9475pt x 9
72.63374pt>
File: client_8c_aeb76476d4872310249ea0634068eff67_cgraph.pdf Graphic file (type
 pdf)
 <use client_8c_aeb76476d4872310249ea0634068eff67_cgraph.pdf>
Underfull \vbox (badness 10000) has occurred while \output is active []

 [21]
[22 <./client_8c_aeb76476d4872310249ea0634068eff67_cgraph.pdf>]
<client_8c_abafd8197d150530827f5ab09c47c28c3_cgraph.pdf, id=1004, 686.565pt x 8
96.34875pt>
File: client_8c_abafd8197d150530827f5ab09c47c28c3_cgraph.pdf Graphic file (type
 pdf)
 <use client_8c_abafd8197d150530827f5ab09c47c28c3_cgraph.pdf>
<client_8c_abafd8197d150530827f5ab09c47c28c3_icgraph.pdf, id=1005, 214.8025pt x
 30.1125pt>
File: client_8c_abafd8197d150530827f5ab09c47c28c3_icgraph.pdf Graphic file (typ
e pdf)
 <use client_8c_abafd8197d150530827f5ab09c47c28c3_icgraph.pdf>
Underfull \vbox (badness 10000) has occurred while \output is active []

 [23 <./client_8c_abafd8197d150530827f5ab09c47c28c3_cgraph.pdf>]) [24 <./client
_8c_abafd8197d150530827f5ab09c47c28c3_icgraph.pdf>]
\openout2 = `client_8h.aux'.

 (./client_8h.tex
<client_8h__incl.pdf, id=1024, 435.6275pt x 146.5475pt>
File: client_8h__incl.pdf Graphic file (type pdf)

<use client_8h__incl.pdf>
<client_8h__dep__incl.pdf, id=1025, 250.9375pt x 88.33pt>
File: client_8h__dep__incl.pdf Graphic file (type pdf)

<use client_8h__dep__incl.pdf> [25


 <./client_8h__incl.pdf> <./client_8h__dep__incl.pdf>]
<client_8h_a0631c3c52c14996e91db6a5618d3d2b8_cgraph.pdf, id=1063, 680.5425pt x 
558.085pt>
File: client_8h_a0631c3c52c14996e91db6a5618d3d2b8_cgraph.pdf Graphic file (type
 pdf)
 <use client_8h_a0631c3c52c14996e91db6a5618d3d2b8_cgraph.pdf>
Underfull \vbox (badness 10000) has occurred while \output is active []

 [26]
<client_8h_aeb76476d4872310249ea0634068eff67_cgraph.pdf, id=1071, 788.9475pt x 
972.63374pt>
File: client_8h_aeb76476d4872310249ea0634068eff67_cgraph.pdf Graphic file (type
 pdf)
 <use client_8h_aeb76476d4872310249ea0634068eff67_cgraph.pdf>
Underfull \vbox (badness 10000) has occurred while \output is active []

 [27 <./client_8h_a0631c3c52c14996e91db6a5618d3d2b8_cgraph.pdf>] [28 <./client_
8h_aeb76476d4872310249ea0634068eff67_cgraph.pdf>]
<client_8h_abafd8197d150530827f5ab09c47c28c3_cgraph.pdf, id=1091, 686.565pt x 8
96.34875pt>
File: client_8h_abafd8197d150530827f5ab09c47c28c3_cgraph.pdf Graphic file (type
 pdf)
 <use client_8h_abafd8197d150530827f5ab09c47c28c3_cgraph.pdf>
<client_8h_abafd8197d150530827f5ab09c47c28c3_icgraph.pdf, id=1092, 214.8025pt x
 30.1125pt>
File: client_8h_abafd8197d150530827f5ab09c47c28c3_icgraph.pdf Graphic file (typ
e pdf)
 <use client_8h_abafd8197d150530827f5ab09c47c28c3_icgraph.pdf>
Underfull \vbox (badness 10000) has occurred while \output is active []

 [29 <./client_8h_abafd8197d150530827f5ab09c47c28c3_cgraph.pdf>]
<client_8h_a2fe5f2e559b4f539c687ab4121a4a7be_cgraph.pdf, id=1105, 915.42pt x 72
2.7pt>
File: client_8h_a2fe5f2e559b4f539c687ab4121a4a7be_cgraph.pdf Graphic file (type
 pdf)
 <use client_8h_a2fe5f2e559b4f539c687ab4121a4a7be_cgraph.pdf>) [30 <./client_8h
_abafd8197d150530827f5ab09c47c28c3_icgraph.pdf> <./client_8h_a2fe5f2e559b4f539c
687ab4121a4a7be_cgraph.pdf>]
\openout2 = `config_8c.aux'.

 (./config_8c.tex
<config_8c__incl.pdf, id=1121, 252.945pt x 146.5475pt>
File: config_8c__incl.pdf Graphic file (type pdf)

<use config_8c__incl.pdf> [31


 <./config_8c__incl.pdf>]
<config_8c_a54a4b949509d289e47841a725146ce4e_cgraph.pdf, id=1149, 616.3025pt x 
482.80376pt>
File: config_8c_a54a4b949509d289e47841a725146ce4e_cgraph.pdf Graphic file (type
 pdf)
 <use config_8c_a54a4b949509d289e47841a725146ce4e_cgraph.pdf>
<config_8c_a54a4b949509d289e47841a725146ce4e_icgraph.pdf, id=1150, 172.645pt x 
30.1125pt>
File: config_8c_a54a4b949509d289e47841a725146ce4e_icgraph.pdf Graphic file (typ
e pdf)
 <use config_8c_a54a4b949509d289e47841a725146ce4e_icgraph.pdf>
[32 <./config_8c_a54a4b949509d289e47841a725146ce4e_cgraph.pdf> <./config_8c_a54
a4b949509d289e47841a725146ce4e_icgraph.pdf>]
<config_8c_a52d0c5748deeda66a4f4fceb3ce34bbe_cgraph.pdf, id=1165, 487.8225pt x 
295.1025pt>
File: config_8c_a52d0c5748deeda66a4f4fceb3ce34bbe_cgraph.pdf Graphic file (type
 pdf)
 <use config_8c_a52d0c5748deeda66a4f4fceb3ce34bbe_cgraph.pdf>
<config_8c_a52d0c5748deeda66a4f4fceb3ce34bbe_icgraph.pdf, id=1166, 327.2225pt x
 70.2625pt>
File: config_8c_a52d0c5748deeda66a4f4fceb3ce34bbe_icgraph.pdf Graphic file (typ
e pdf)
 <use config_8c_a52d0c5748deeda66a4f4fceb3ce34bbe_icgraph.pdf>
<config_8c_ad79878a80cca3cda8edf3032bb2f1791_icgraph.pdf, id=1167, 399.4925pt x
 70.2625pt>
File: config_8c_ad79878a80cca3cda8edf3032bb2f1791_icgraph.pdf Graphic file (typ
e pdf)
 <use config_8c_ad79878a80cca3cda8edf3032bb2f1791_icgraph.pdf>
[33 <./config_8c_a52d0c5748deeda66a4f4fceb3ce34bbe_cgraph.pdf> <./config_8c_a52
d0c5748deeda66a4f4fceb3ce34bbe_icgraph.pdf>]) [34 <./config_8c_ad79878a80cca3cd
a8edf3032bb2f1791_icgraph.pdf>]
\openout2 = `config_8h.aux'.

 (./config_8h.tex
<config_8h__incl.pdf, id=1191, 84.315pt x 88.33pt>
File: config_8h__incl.pdf Graphic file (type pdf)
 <use config_8h__incl.pdf>
<config_8h__dep__incl.pdf, id=1192, 168.63pt x 88.33pt>
File: config_8h__dep__incl.pdf Graphic file (type pdf)

<use config_8h__dep__incl.pdf> [35


 <./config_8h__incl.pdf> <./config_8h__dep__incl.pdf>]
<config_8h_a54a4b949509d289e47841a725146ce4e_cgraph.pdf, id=1215, 616.3025pt x 
482.80376pt>
File: config_8h_a54a4b949509d289e47841a725146ce4e_cgraph.pdf Graphic file (type
 pdf)
 <use config_8h_a54a4b949509d289e47841a725146ce4e_cgraph.pdf>
<config_8h_a54a4b949509d289e47841a725146ce4e_icgraph.pdf, id=1216, 172.645pt x 
30.1125pt>
File: config_8h_a54a4b949509d289e47841a725146ce4e_icgraph.pdf Graphic file (typ
e pdf)
 <use config_8h_a54a4b949509d289e47841a725146ce4e_icgraph.pdf>
[36 <./config_8h_a54a4b949509d289e47841a725146ce4e_cgraph.pdf> <./config_8h_a54
a4b949509d289e47841a725146ce4e_icgraph.pdf>]
<config_8h_a52d0c5748deeda66a4f4fceb3ce34bbe_cgraph.pdf, id=1231, 487.8225pt x 
295.1025pt>
File: config_8h_a52d0c5748deeda66a4f4fceb3ce34bbe_cgraph.pdf Graphic file (type
 pdf)
 <use config_8h_a52d0c5748deeda66a4f4fceb3ce34bbe_cgraph.pdf>
<config_8h_a52d0c5748deeda66a4f4fceb3ce34bbe_icgraph.pdf, id=1232, 327.2225pt x
 70.2625pt>
File: config_8h_a52d0c5748deeda66a4f4fceb3ce34bbe_icgraph.pdf Graphic file (typ
e pdf)
 <use config_8h_a52d0c5748deeda66a4f4fceb3ce34bbe_icgraph.pdf>)
[37 <./config_8h_a52d0c5748deeda66a4f4fceb3ce34bbe_cgraph.pdf> <./config_8h_a52
d0c5748deeda66a4f4fceb3ce34bbe_icgraph.pdf>]
\openout2 = `list_8c.aux'.

 (./list_8c.tex
<list_8c__incl.pdf, id=1248, 238.8925pt x 88.33pt>
File: list_8c__incl.pdf Graphic file (type pdf)
 <use list_8c__incl.pdf>
[38


 <./list_8c__incl.pdf>]
<list_8c_a850cbe26f09f8f3f8e090cdd7aa5a6a2_cgraph.pdf, id=1348, 375.4025pt x 25
5.95625pt>
File: list_8c_a850cbe26f09f8f3f8e090cdd7aa5a6a2_cgraph.pdf Graphic file (type p
df)
 <use list_8c_a850cbe26f09f8f3f8e090cdd7aa5a6a2_cgraph.pdf>
<list_8c_a850cbe26f09f8f3f8e090cdd7aa5a6a2_icgraph.pdf, id=1349, 429.605pt x 70
.2625pt>
File: list_8c_a850cbe26f09f8f3f8e090cdd7aa5a6a2_icgraph.pdf Graphic file (type 
pdf)
 <use list_8c_a850cbe26f09f8f3f8e090cdd7aa5a6a2_icgraph.pdf> [39 <./list_8c_a85
0cbe26f09f8f3f8e090cdd7aa5a6a2_cgraph.pdf> <./list_8c_a850cbe26f09f8f3f8e090cdd
7aa5a6a2_icgraph.pdf>]
<list_8c_a11d855375347172f2c165f1c86f27853_cgraph.pdf, id=1366, 361.35pt x 114.
4275pt>
File: list_8c_a11d855375347172f2c165f1c86f27853_cgraph.pdf Graphic file (type p
df)
 <use list_8c_a11d855375347172f2c165f1c86f27853_cgraph.pdf>
<list_8c_a363af69e462d10ad15b4631ec828e571_icgraph.pdf, id=1368, 614.295pt x 34
3.2825pt>
File: list_8c_a363af69e462d10ad15b4631ec828e571_icgraph.pdf Graphic file (type 
pdf)
 <use list_8c_a363af69e462d10ad15b4631ec828e571_icgraph.pdf> [40 <./list_8c_a11
d855375347172f2c165f1c86f27853_cgraph.pdf> <./list_8c_a363af69e462d10ad15b4631e
c828e571_icgraph.pdf>]
<list_8c_a0ab7b4e1a37506b807bf20ae6698c533_icgraph.pdf, id=1383, 849.1725pt x 1
037.8775pt>
File: list_8c_a0ab7b4e1a37506b807bf20ae6698c533_icgraph.pdf Graphic file (type 
pdf)
 <use list_8c_a0ab7b4e1a37506b807bf20ae6698c533_icgraph.pdf>
[41 <./list_8c_a0ab7b4e1a37506b807bf20ae6698c533_icgraph.pdf>]
<list_8c_a22e64ee163ef21c6d59de59f83f8b269_icgraph.pdf, id=1393, 851.18pt x 103
3.8625pt>
File: list_8c_a22e64ee163ef21c6d59de59f83f8b269_icgraph.pdf Graphic file (type 
pdf)
 <use list_8c_a22e64ee163ef21c6d59de59f83f8b269_icgraph.pdf>
Underfull \vbox (badness 6592) has occurred while \output is active []

 [42 <./list_8c_a22e64ee163ef21c6d59de59f83f8b269_icgraph.pdf>]
<list_8c_a4503901beb6a19b5ec8249906355e5ed_cgraph.pdf, id=1403, 273.02pt x 188.
705pt>
File: list_8c_a4503901beb6a19b5ec8249906355e5ed_cgraph.pdf Graphic file (type p
df)
 <use list_8c_a4503901beb6a19b5ec8249906355e5ed_cgraph.pdf>
<list_8c_a4503901beb6a19b5ec8249906355e5ed_icgraph.pdf, id=1404, 521.95pt x 130
.4875pt>
File: list_8c_a4503901beb6a19b5ec8249906355e5ed_icgraph.pdf Graphic file (type 
pdf)
 <use list_8c_a4503901beb6a19b5ec8249906355e5ed_icgraph.pdf>
<list_8c_a3dc5b8dea5507c3b0a37fde8c1fcae54_icgraph.pdf, id=1405, 714.67pt x 479
.7925pt>
File: list_8c_a3dc5b8dea5507c3b0a37fde8c1fcae54_icgraph.pdf Graphic file (type 
pdf)
 <use list_8c_a3dc5b8dea5507c3b0a37fde8c1fcae54_icgraph.pdf>
Underfull \vbox (badness 10000) has occurred while \output is active []

 [43 <./list_8c_a4503901beb6a19b5ec8249906355e5ed_cgraph.pdf> <./list_8c_a45039
01beb6a19b5ec8249906355e5ed_icgraph.pdf>]
<list_8c_ac32ad3e6f4af784d86b011c190aad38b_cgraph.pdf, id=1422, 204.765pt x 110
.4125pt>
File: list_8c_ac32ad3e6f4af784d86b011c190aad38b_cgraph.pdf Graphic file (type p
df)
 <use list_8c_ac32ad3e6f4af784d86b011c190aad38b_cgraph.pdf>
<list_8c_ac32ad3e6f4af784d86b011c190aad38b_icgraph.pdf, id=1423, 437.635pt x 21
1.79124pt>
File: list_8c_ac32ad3e6f4af784d86b011c190aad38b_icgraph.pdf Graphic file (type 
pdf)
 <use list_8c_ac32ad3e6f4af784d86b011c190aad38b_icgraph.pdf>
Underfull \vbox (badness 10000) has occurred while \output is active []

 [44 <./list_8c_a3dc5b8dea5507c3b0a37fde8c1fcae54_icgraph.pdf> <./list_8c_ac32a
d3e6f4af784d86b011c190aad38b_cgraph.pdf>]
<list_8c_aa3b494560b4f94df133d4604265235db_cgraph.pdf, id=1439, 331.2375pt x 16
7.62625pt>
File: list_8c_aa3b494560b4f94df133d4604265235db_cgraph.pdf Graphic file (type p
df)
 <use list_8c_aa3b494560b4f94df133d4604265235db_cgraph.pdf>
<list_8c_aa3b494560b4f94df133d4604265235db_icgraph.pdf, id=1440, 576.1525pt x 6
8.255pt>
File: list_8c_aa3b494560b4f94df133d4604265235db_icgraph.pdf Graphic file (type 
pdf)
 <use list_8c_aa3b494560b4f94df133d4604265235db_icgraph.pdf> [45 <./list_8c_ac3
2ad3e6f4af784d86b011c190aad38b_icgraph.pdf> <./list_8c_aa3b494560b4f94df133d460
4265235db_cgraph.pdf> <./list_8c_aa3b494560b4f94df133d4604265235db_icgraph.pdf>
]
<list_8c_a663fd068ed01140f77770b580258d271_cgraph.pdf, id=1460, 395.4775pt x 30
5.14pt>
File: list_8c_a663fd068ed01140f77770b580258d271_cgraph.pdf Graphic file (type p
df)
 <use list_8c_a663fd068ed01140f77770b580258d271_cgraph.pdf>
<list_8c_a3b2c3a6f1c6f7f5947247ea3b32b1de2_cgraph.pdf, id=1461, 305.14pt x 110.
4125pt>
File: list_8c_a3b2c3a6f1c6f7f5947247ea3b32b1de2_cgraph.pdf Graphic file (type p
df)
 <use list_8c_a3b2c3a6f1c6f7f5947247ea3b32b1de2_cgraph.pdf>
<list_8c_a8ea8c0428db1f9f4d18203cdb7b9e3dd_cgraph.pdf, id=1462, 305.14pt x 110.
4125pt>
File: list_8c_a8ea8c0428db1f9f4d18203cdb7b9e3dd_cgraph.pdf Graphic file (type p
df)
 <use list_8c_a8ea8c0428db1f9f4d18203cdb7b9e3dd_cgraph.pdf> [46 <./list_8c_a663
fd068ed01140f77770b580258d271_cgraph.pdf> <./list_8c_a3b2c3a6f1c6f7f5947247ea3b
32b1de2_cgraph.pdf> <./list_8c_a8ea8c0428db1f9f4d18203cdb7b9e3dd_cgraph.pdf>]
<list_8c_aeeb96d95e199da5b6816f6eb7c49d0f0_cgraph.pdf, id=1482, 180.675pt x 110
.4125pt>
File: list_8c_aeeb96d95e199da5b6816f6eb7c49d0f0_cgraph.pdf Graphic file (type p
df)
 <use list_8c_aeeb96d95e199da5b6816f6eb7c49d0f0_cgraph.pdf>
<list_8c_aeeb96d95e199da5b6816f6eb7c49d0f0_icgraph.pdf, id=1483, 885.3075pt x 7
45.78625pt>
File: list_8c_aeeb96d95e199da5b6816f6eb7c49d0f0_icgraph.pdf Graphic file (type 
pdf)
 <use list_8c_aeeb96d95e199da5b6816f6eb7c49d0f0_icgraph.pdf>
[47 <./list_8c_aeeb96d95e199da5b6816f6eb7c49d0f0_cgraph.pdf> <./list_8c_aeeb96d
95e199da5b6816f6eb7c49d0f0_icgraph.pdf>]
<list_8c_a5d9afb6ba37d5493fe3780b6ba8e586b_icgraph.pdf, id=1498, 863.225pt x 88
2.29625pt>
File: list_8c_a5d9afb6ba37d5493fe3780b6ba8e586b_icgraph.pdf Graphic file (type 
pdf)
 <use list_8c_a5d9afb6ba37d5493fe3780b6ba8e586b_icgraph.pdf> [48 <./list_8c_a5d
9afb6ba37d5493fe3780b6ba8e586b_icgraph.pdf>]
<list_8c_a45cebb558b04d38ca7adc2ba3987fd1f_cgraph.pdf, id=1508, 363.3575pt x 26
0.975pt>
File: list_8c_a45cebb558b04d38ca7adc2ba3987fd1f_cgraph.pdf Graphic file (type p
df)
 <use list_8c_a45cebb558b04d38ca7adc2ba3987fd1f_cgraph.pdf>
<list_8c_acdcbb59aa0ed0829f03fefa7553f80d2_cgraph.pdf, id=1509, 140.525pt x 70.
2625pt>
File: list_8c_acdcbb59aa0ed0829f03fefa7553f80d2_cgraph.pdf Graphic file (type p
df)
 <use list_8c_acdcbb59aa0ed0829f03fefa7553f80d2_cgraph.pdf>
<list_8c_acdcbb59aa0ed0829f03fefa7553f80d2_icgraph.pdf, id=1510, 383.4325pt x 6
8.255pt>
File: list_8c_acdcbb59aa0ed0829f03fefa7553f80d2_icgraph.pdf Graphic file (type 
pdf)
 <use list_8c_acdcbb59aa0ed0829f03fefa7553f80d2_icgraph.pdf>
<list_8c_a9c0551e214815c70b539e212e3c329da_cgraph.pdf, id=1511, 168.63pt x 30.1
125pt>
File: list_8c_a9c0551e214815c70b539e212e3c329da_cgraph.pdf Graphic file (type p
df)
 <use list_8c_a9c0551e214815c70b539e212e3c329da_cgraph.pdf> [49 <./list_8c_a45c
ebb558b04d38ca7adc2ba3987fd1f_cgraph.pdf> <./list_8c_acdcbb59aa0ed0829f03fefa75
53f80d2_cgraph.pdf> <./list_8c_acdcbb59aa0ed0829f03fefa7553f80d2_icgraph.pdf>]
<list_8c_a9c0551e214815c70b539e212e3c329da_icgraph.pdf, id=1532, 427.5975pt x 3
0.1125pt>
File: list_8c_a9c0551e214815c70b539e212e3c329da_icgraph.pdf Graphic file (type 
pdf)
 <use list_8c_a9c0551e214815c70b539e212e3c329da_icgraph.pdf>
<list_8c_a35885fd30f031789e0844bb693b0b8fc_cgraph.pdf, id=1534, 287.0725pt x 26
4.99pt>
File: list_8c_a35885fd30f031789e0844bb693b0b8fc_cgraph.pdf Graphic file (type p
df)
 <use list_8c_a35885fd30f031789e0844bb693b0b8fc_cgraph.pdf>
<list_8c_a35885fd30f031789e0844bb693b0b8fc_icgraph.pdf, id=1535, 439.6425pt x 1
88.705pt>
File: list_8c_a35885fd30f031789e0844bb693b0b8fc_icgraph.pdf Graphic file (type 
pdf)
 <use list_8c_a35885fd30f031789e0844bb693b0b8fc_icgraph.pdf>
Underfull \vbox (badness 4001) has occurred while \output is active []

 [50 <./list_8c_a9c0551e214815c70b539e212e3c329da_cgraph.pdf> <./list_8c_a9c055
1e214815c70b539e212e3c329da_icgraph.pdf> <./list_8c_a35885fd30f031789e0844bb693
b0b8fc_cgraph.pdf>]
<list_8c_ac678bd305e69ff31bb9644b5cfabac0b_cgraph.pdf, id=1555, 273.02pt x 260.
975pt>
File: list_8c_ac678bd305e69ff31bb9644b5cfabac0b_cgraph.pdf Graphic file (type p
df)
 <use list_8c_ac678bd305e69ff31bb9644b5cfabac0b_cgraph.pdf>
<list_8c_ac678bd305e69ff31bb9644b5cfabac0b_icgraph.pdf, id=1556, 614.295pt x 19
0.7125pt>
File: list_8c_ac678bd305e69ff31bb9644b5cfabac0b_icgraph.pdf Graphic file (type 
pdf)
 <use list_8c_ac678bd305e69ff31bb9644b5cfabac0b_icgraph.pdf>
Underfull \vbox (badness 10000) has occurred while \output is active []

 [51 <./list_8c_a35885fd30f031789e0844bb693b0b8fc_icgraph.pdf> <./list_8c_ac678
bd305e69ff31bb9644b5cfabac0b_cgraph.pdf>]
<list_8c_aedae6ef5cd2d980ca049ea112eba1f2b_cgraph.pdf, id=1571, 415.5525pt x 41
0.53375pt>
File: list_8c_aedae6ef5cd2d980ca049ea112eba1f2b_cgraph.pdf Graphic file (type p
df)
 <use list_8c_aedae6ef5cd2d980ca049ea112eba1f2b_cgraph.pdf>
<list_8c_aedae6ef5cd2d980ca049ea112eba1f2b_icgraph.pdf, id=1572, 315.1775pt x 3
0.1125pt>
File: list_8c_aedae6ef5cd2d980ca049ea112eba1f2b_icgraph.pdf Graphic file (type 
pdf)
 <use list_8c_aedae6ef5cd2d980ca049ea112eba1f2b_icgraph.pdf> [52 <./list_8c_ac6
78bd305e69ff31bb9644b5cfabac0b_icgraph.pdf> <./list_8c_aedae6ef5cd2d980ca049ea1
12eba1f2b_cgraph.pdf> <./list_8c_aedae6ef5cd2d980ca049ea112eba1f2b_icgraph.pdf>
]
<list_8c_a07588b386f603af6db91bedcfb338a4b_cgraph.pdf, id=1592, 385.44pt x 111.
41624pt>
File: list_8c_a07588b386f603af6db91bedcfb338a4b_cgraph.pdf Graphic file (type p
df)
 <use list_8c_a07588b386f603af6db91bedcfb338a4b_cgraph.pdf>
<list_8c_a07588b386f603af6db91bedcfb338a4b_icgraph.pdf, id=1593, 417.56pt x 30.
1125pt>
File: list_8c_a07588b386f603af6db91bedcfb338a4b_icgraph.pdf Graphic file (type 
pdf)
 <use list_8c_a07588b386f603af6db91bedcfb338a4b_icgraph.pdf>
<list_8c_a7165db61812c8aa20f8eb5de98cd0e36_icgraph.pdf, id=1594, 819.06pt x 383
.4325pt>
File: list_8c_a7165db61812c8aa20f8eb5de98cd0e36_icgraph.pdf Graphic file (type 
pdf)
 <use list_8c_a7165db61812c8aa20f8eb5de98cd0e36_icgraph.pdf>
Underfull \vbox (badness 10000) has occurred while \output is active []

 [53 <./list_8c_a07588b386f603af6db91bedcfb338a4b_cgraph.pdf> <./list_8c_a07588
b386f603af6db91bedcfb338a4b_icgraph.pdf>]
<list_8c_aebe3f912f605d2c6e84ec312338ab102_icgraph.pdf, id=1609, 849.1725pt x 4
43.6575pt>
File: list_8c_aebe3f912f605d2c6e84ec312338ab102_icgraph.pdf Graphic file (type 
pdf)
 <use list_8c_aebe3f912f605d2c6e84ec312338ab102_icgraph.pdf> [54 <./list_8c_a71
65db61812c8aa20f8eb5de98cd0e36_icgraph.pdf> <./list_8c_aebe3f912f605d2c6e84ec31
2338ab102_icgraph.pdf>]
<list_8c_a6b2f0bae5223fb66771708236b2a99ef_cgraph.pdf, id=1624, 269.005pt x 110
.4125pt>
File: list_8c_a6b2f0bae5223fb66771708236b2a99ef_cgraph.pdf Graphic file (type p
df)
 <use list_8c_a6b2f0bae5223fb66771708236b2a99ef_cgraph.pdf>
<list_8c_a6b2f0bae5223fb66771708236b2a99ef_icgraph.pdf, id=1625, 612.2875pt x 2
85.065pt>
File: list_8c_a6b2f0bae5223fb66771708236b2a99ef_icgraph.pdf Graphic file (type 
pdf)
 <use list_8c_a6b2f0bae5223fb66771708236b2a99ef_icgraph.pdf>
<list_8c_a3df67921d322130b2827da2e541a1387_cgraph.pdf, id=1626, 156.585pt x 30.
1125pt>
File: list_8c_a3df67921d322130b2827da2e541a1387_cgraph.pdf Graphic file (type p
df)
 <use list_8c_a3df67921d322130b2827da2e541a1387_cgraph.pdf>
<list_8c_a3df67921d322130b2827da2e541a1387_icgraph.pdf, id=1627, 515.9275pt x 1
30.4875pt>
File: list_8c_a3df67921d322130b2827da2e541a1387_icgraph.pdf Graphic file (type 
pdf)
 <use list_8c_a3df67921d322130b2827da2e541a1387_icgraph.pdf> [55 <./list_8c_a6b
2f0bae5223fb66771708236b2a99ef_cgraph.pdf> <./list_8c_a6b2f0bae5223fb6677170823
6b2a99ef_icgraph.pdf> <./list_8c_a3df67921d322130b2827da2e541a1387_cgraph.pdf>]
) [56 <./list_8c_a3df67921d322130b2827da2e541a1387_icgraph.pdf>]
\openout2 = `list_8h.aux'.


(./list_8h.tex <list_8h__dep__incl.pdf, id=1657, 489.83pt x 204.765pt>
File: list_8h__dep__incl.pdf Graphic file (type pdf)

<use list_8h__dep__incl.pdf> [57


 <./list_8h__dep__incl.pdf>] [58]
<list_8h_a850cbe26f09f8f3f8e090cdd7aa5a6a2_cgraph.pdf, id=1770, 375.4025pt x 25
5.95625pt>
File: list_8h_a850cbe26f09f8f3f8e090cdd7aa5a6a2_cgraph.pdf Graphic file (type p
df)
 <use list_8h_a850cbe26f09f8f3f8e090cdd7aa5a6a2_cgraph.pdf> [59]
<list_8h_a850cbe26f09f8f3f8e090cdd7aa5a6a2_icgraph.pdf, id=1775, 429.605pt x 70
.2625pt>
File: list_8h_a850cbe26f09f8f3f8e090cdd7aa5a6a2_icgraph.pdf Graphic file (type 
pdf)
 <use list_8h_a850cbe26f09f8f3f8e090cdd7aa5a6a2_icgraph.pdf>
<list_8h_a11d855375347172f2c165f1c86f27853_cgraph.pdf, id=1777, 361.35pt x 114.
4275pt>
File: list_8h_a11d855375347172f2c165f1c86f27853_cgraph.pdf Graphic file (type p
df)
 <use list_8h_a11d855375347172f2c165f1c86f27853_cgraph.pdf>
<list_8h_a363af69e462d10ad15b4631ec828e571_icgraph.pdf, id=1779, 614.295pt x 34
3.2825pt>
File: list_8h_a363af69e462d10ad15b4631ec828e571_icgraph.pdf Graphic file (type 
pdf)
 <use list_8h_a363af69e462d10ad15b4631ec828e571_icgraph.pdf> [60 <./list_8h_a85
0cbe26f09f8f3f8e090cdd7aa5a6a2_cgraph.pdf> <./list_8h_a850cbe26f09f8f3f8e090cdd
7aa5a6a2_icgraph.pdf> <./list_8h_a11d855375347172f2c165f1c86f27853_cgraph.pdf>]

<list_8h_a0ab7b4e1a37506b807bf20ae6698c533_icgraph.pdf, id=1799, 849.1725pt x 1
037.8775pt>
File: list_8h_a0ab7b4e1a37506b807bf20ae6698c533_icgraph.pdf Graphic file (type 
pdf)
 <use list_8h_a0ab7b4e1a37506b807bf20ae6698c533_icgraph.pdf>
Underfull \vbox (badness 10000) has occurred while \output is active []

 [61 <./list_8h_a363af69e462d10ad15b4631ec828e571_icgraph.pdf>] [62 <./list_8h_
a0ab7b4e1a37506b807bf20ae6698c533_icgraph.pdf>]
<list_8h_a22e64ee163ef21c6d59de59f83f8b269_icgraph.pdf, id=1819, 851.18pt x 103
3.8625pt>
File: list_8h_a22e64ee163ef21c6d59de59f83f8b269_icgraph.pdf Graphic file (type 
pdf)
 <use list_8h_a22e64ee163ef21c6d59de59f83f8b269_icgraph.pdf>
Underfull \vbox (badness 6592) has occurred while \output is active []

 [63 <./list_8h_a22e64ee163ef21c6d59de59f83f8b269_icgraph.pdf>]
<list_8h_a4503901beb6a19b5ec8249906355e5ed_cgraph.pdf, id=1829, 273.02pt x 188.
705pt>
File: list_8h_a4503901beb6a19b5ec8249906355e5ed_cgraph.pdf Graphic file (type p
df)
 <use list_8h_a4503901beb6a19b5ec8249906355e5ed_cgraph.pdf>
<list_8h_a4503901beb6a19b5ec8249906355e5ed_icgraph.pdf, id=1830, 521.95pt x 130
.4875pt>
File: list_8h_a4503901beb6a19b5ec8249906355e5ed_icgraph.pdf Graphic file (type 
pdf)
 <use list_8h_a4503901beb6a19b5ec8249906355e5ed_icgraph.pdf>
<list_8h_a3dc5b8dea5507c3b0a37fde8c1fcae54_icgraph.pdf, id=1831, 714.67pt x 479
.7925pt>
File: list_8h_a3dc5b8dea5507c3b0a37fde8c1fcae54_icgraph.pdf Graphic file (type 
pdf)
 <use list_8h_a3dc5b8dea5507c3b0a37fde8c1fcae54_icgraph.pdf>
Underfull \vbox (badness 10000) has occurred while \output is active []

 [64 <./list_8h_a4503901beb6a19b5ec8249906355e5ed_cgraph.pdf> <./list_8h_a45039
01beb6a19b5ec8249906355e5ed_icgraph.pdf>]
<list_8h_ac32ad3e6f4af784d86b011c190aad38b_cgraph.pdf, id=1847, 307.1475pt x 13
2.495pt>
File: list_8h_ac32ad3e6f4af784d86b011c190aad38b_cgraph.pdf Graphic file (type p
df)
 <use list_8h_ac32ad3e6f4af784d86b011c190aad38b_cgraph.pdf>
<list_8h_ac32ad3e6f4af784d86b011c190aad38b_icgraph.pdf, id=1848, 335.2525pt x 1
88.705pt>
File: list_8h_ac32ad3e6f4af784d86b011c190aad38b_icgraph.pdf Graphic file (type 
pdf)
 <use list_8h_ac32ad3e6f4af784d86b011c190aad38b_icgraph.pdf>
Underfull \vbox (badness 10000) has occurred while \output is active []

 [65 <./list_8h_a3dc5b8dea5507c3b0a37fde8c1fcae54_icgraph.pdf> <./list_8h_ac32a
d3e6f4af784d86b011c190aad38b_cgraph.pdf>]
<list_8h_aa3b494560b4f94df133d4604265235db_cgraph.pdf, id=1864, 461.725pt x 204
.765pt>
File: list_8h_aa3b494560b4f94df133d4604265235db_cgraph.pdf Graphic file (type p
df)
 <use list_8h_aa3b494560b4f94df133d4604265235db_cgraph.pdf>
<list_8h_aa3b494560b4f94df133d4604265235db_icgraph.pdf, id=1865, 445.665pt x 48
.18pt>
File: list_8h_aa3b494560b4f94df133d4604265235db_icgraph.pdf Graphic file (type 
pdf)
 <use list_8h_aa3b494560b4f94df133d4604265235db_icgraph.pdf> [66 <./list_8h_ac3
2ad3e6f4af784d86b011c190aad38b_icgraph.pdf> <./list_8h_aa3b494560b4f94df133d460
4265235db_cgraph.pdf> <./list_8h_aa3b494560b4f94df133d4604265235db_icgraph.pdf>
]
<list_8h_a663fd068ed01140f77770b580258d271_cgraph.pdf, id=1885, 395.4775pt x 30
5.14pt>
File: list_8h_a663fd068ed01140f77770b580258d271_cgraph.pdf Graphic file (type p
df)
 <use list_8h_a663fd068ed01140f77770b580258d271_cgraph.pdf>
<list_8h_a3b2c3a6f1c6f7f5947247ea3b32b1de2_cgraph.pdf, id=1886, 305.14pt x 110.
4125pt>
File: list_8h_a3b2c3a6f1c6f7f5947247ea3b32b1de2_cgraph.pdf Graphic file (type p
df)
 <use list_8h_a3b2c3a6f1c6f7f5947247ea3b32b1de2_cgraph.pdf>
<list_8h_a8ea8c0428db1f9f4d18203cdb7b9e3dd_cgraph.pdf, id=1887, 305.14pt x 110.
4125pt>
File: list_8h_a8ea8c0428db1f9f4d18203cdb7b9e3dd_cgraph.pdf Graphic file (type p
df)
 <use list_8h_a8ea8c0428db1f9f4d18203cdb7b9e3dd_cgraph.pdf> [67 <./list_8h_a663
fd068ed01140f77770b580258d271_cgraph.pdf> <./list_8h_a3b2c3a6f1c6f7f5947247ea3b
32b1de2_cgraph.pdf> <./list_8h_a8ea8c0428db1f9f4d18203cdb7b9e3dd_cgraph.pdf>]
<list_8h_aeeb96d95e199da5b6816f6eb7c49d0f0_cgraph.pdf, id=1908, 180.675pt x 110
.4125pt>
File: list_8h_aeeb96d95e199da5b6816f6eb7c49d0f0_cgraph.pdf Graphic file (type p
df)
 <use list_8h_aeeb96d95e199da5b6816f6eb7c49d0f0_cgraph.pdf>
<list_8h_aeeb96d95e199da5b6816f6eb7c49d0f0_icgraph.pdf, id=1909, 885.3075pt x 7
45.78625pt>
File: list_8h_aeeb96d95e199da5b6816f6eb7c49d0f0_icgraph.pdf Graphic file (type 
pdf)
 <use list_8h_aeeb96d95e199da5b6816f6eb7c49d0f0_icgraph.pdf>
[68 <./list_8h_aeeb96d95e199da5b6816f6eb7c49d0f0_cgraph.pdf> <./list_8h_aeeb96d
95e199da5b6816f6eb7c49d0f0_icgraph.pdf>]
<list_8h_a45cebb558b04d38ca7adc2ba3987fd1f_cgraph.pdf, id=1924, 363.3575pt x 26
0.975pt>
File: list_8h_a45cebb558b04d38ca7adc2ba3987fd1f_cgraph.pdf Graphic file (type p
df)
 <use list_8h_a45cebb558b04d38ca7adc2ba3987fd1f_cgraph.pdf>
<list_8h_acdcbb59aa0ed0829f03fefa7553f80d2_cgraph.pdf, id=1925, 224.84pt x 88.3
3pt>
File: list_8h_acdcbb59aa0ed0829f03fefa7553f80d2_cgraph.pdf Graphic file (type p
df)
 <use list_8h_acdcbb59aa0ed0829f03fefa7553f80d2_cgraph.pdf>
<list_8h_acdcbb59aa0ed0829f03fefa7553f80d2_icgraph.pdf, id=1926, 299.1175pt x 4
8.18pt>
File: list_8h_acdcbb59aa0ed0829f03fefa7553f80d2_icgraph.pdf Graphic file (type 
pdf)
 <use list_8h_acdcbb59aa0ed0829f03fefa7553f80d2_icgraph.pdf> [69 <./list_8h_a45
cebb558b04d38ca7adc2ba3987fd1f_cgraph.pdf> <./list_8h_acdcbb59aa0ed0829f03fefa7
553f80d2_cgraph.pdf> <./list_8h_acdcbb59aa0ed0829f03fefa7553f80d2_icgraph.pdf>]

<list_8h_a35885fd30f031789e0844bb693b0b8fc_cgraph.pdf, id=1947, 287.0725pt x 26
4.99pt>
File: list_8h_a35885fd30f031789e0844bb693b0b8fc_cgraph.pdf Graphic file (type p
df)
 <use list_8h_a35885fd30f031789e0844bb693b0b8fc_cgraph.pdf>
<list_8h_a35885fd30f031789e0844bb693b0b8fc_icgraph.pdf, id=1948, 439.6425pt x 1
88.705pt>
File: list_8h_a35885fd30f031789e0844bb693b0b8fc_icgraph.pdf Graphic file (type 
pdf)
 <use list_8h_a35885fd30f031789e0844bb693b0b8fc_icgraph.pdf>
<list_8h_ac678bd305e69ff31bb9644b5cfabac0b_cgraph.pdf, id=1949, 273.02pt x 260.
975pt>
File: list_8h_ac678bd305e69ff31bb9644b5cfabac0b_cgraph.pdf Graphic file (type p
df)
 <use list_8h_ac678bd305e69ff31bb9644b5cfabac0b_cgraph.pdf> [70 <./list_8h_a358
85fd30f031789e0844bb693b0b8fc_cgraph.pdf> <./list_8h_a35885fd30f031789e0844bb69
3b0b8fc_icgraph.pdf>]
<list_8h_ac678bd305e69ff31bb9644b5cfabac0b_icgraph.pdf, id=1964, 614.295pt x 19
0.7125pt>
File: list_8h_ac678bd305e69ff31bb9644b5cfabac0b_icgraph.pdf Graphic file (type 
pdf)
 <use list_8h_ac678bd305e69ff31bb9644b5cfabac0b_icgraph.pdf>
<list_8h_aedae6ef5cd2d980ca049ea112eba1f2b_cgraph.pdf, id=1965, 415.5525pt x 41
0.53375pt>
File: list_8h_aedae6ef5cd2d980ca049ea112eba1f2b_cgraph.pdf Graphic file (type p
df)
 <use list_8h_aedae6ef5cd2d980ca049ea112eba1f2b_cgraph.pdf>
Underfull \vbox (badness 10000) has occurred while \output is active []

 [71 <./list_8h_ac678bd305e69ff31bb9644b5cfabac0b_cgraph.pdf> <./list_8h_ac678b
d305e69ff31bb9644b5cfabac0b_icgraph.pdf>]
<list_8h_aedae6ef5cd2d980ca049ea112eba1f2b_icgraph.pdf, id=1980, 315.1775pt x 3
0.1125pt>
File: list_8h_aedae6ef5cd2d980ca049ea112eba1f2b_icgraph.pdf Graphic file (type 
pdf)
 <use list_8h_aedae6ef5cd2d980ca049ea112eba1f2b_icgraph.pdf>
<list_8h_a07588b386f603af6db91bedcfb338a4b_cgraph.pdf, id=1981, 385.44pt x 111.
41624pt>
File: list_8h_a07588b386f603af6db91bedcfb338a4b_cgraph.pdf Graphic file (type p
df)
 <use list_8h_a07588b386f603af6db91bedcfb338a4b_cgraph.pdf>
<list_8h_a07588b386f603af6db91bedcfb338a4b_icgraph.pdf, id=1982, 417.56pt x 30.
1125pt>
File: list_8h_a07588b386f603af6db91bedcfb338a4b_icgraph.pdf Graphic file (type 
pdf)
 <use list_8h_a07588b386f603af6db91bedcfb338a4b_icgraph.pdf> [72 <./list_8h_aed
ae6ef5cd2d980ca049ea112eba1f2b_cgraph.pdf> <./list_8h_aedae6ef5cd2d980ca049ea11
2eba1f2b_icgraph.pdf> <./list_8h_a07588b386f603af6db91bedcfb338a4b_cgraph.pdf> 
<./list_8h_a07588b386f603af6db91bedcfb338a4b_icgraph.pdf>]
<list_8h_a7165db61812c8aa20f8eb5de98cd0e36_icgraph.pdf, id=2007, 819.06pt x 383
.4325pt>
File: list_8h_a7165db61812c8aa20f8eb5de98cd0e36_icgraph.pdf Graphic file (type 
pdf)
 <use list_8h_a7165db61812c8aa20f8eb5de98cd0e36_icgraph.pdf>
<list_8h_aebe3f912f605d2c6e84ec312338ab102_icgraph.pdf, id=2008, 849.1725pt x 4
43.6575pt>
File: list_8h_aebe3f912f605d2c6e84ec312338ab102_icgraph.pdf Graphic file (type 
pdf)
 <use list_8h_aebe3f912f605d2c6e84ec312338ab102_icgraph.pdf>
Underfull \vbox (badness 10000) has occurred while \output is active []

 [73 <./list_8h_a7165db61812c8aa20f8eb5de98cd0e36_icgraph.pdf>]
<list_8h_a6b2f0bae5223fb66771708236b2a99ef_cgraph.pdf, id=2019, 269.005pt x 110
.4125pt>
File: list_8h_a6b2f0bae5223fb66771708236b2a99ef_cgraph.pdf Graphic file (type p
df)
 <use list_8h_a6b2f0bae5223fb66771708236b2a99ef_cgraph.pdf>
<list_8h_a6b2f0bae5223fb66771708236b2a99ef_icgraph.pdf, id=2020, 612.2875pt x 2
85.065pt>
File: list_8h_a6b2f0bae5223fb66771708236b2a99ef_icgraph.pdf Graphic file (type 
pdf)
 <use list_8h_a6b2f0bae5223fb66771708236b2a99ef_icgraph.pdf>
Underfull \vbox (badness 10000) has occurred while \output is active []

 [74 <./list_8h_aebe3f912f605d2c6e84ec312338ab102_icgraph.pdf> <./list_8h_a6b2f
0bae5223fb66771708236b2a99ef_cgraph.pdf>]
<list_8h_a3df67921d322130b2827da2e541a1387_cgraph.pdf, id=2035, 156.585pt x 30.
1125pt>
File: list_8h_a3df67921d322130b2827da2e541a1387_cgraph.pdf Graphic file (type p
df)
 <use list_8h_a3df67921d322130b2827da2e541a1387_cgraph.pdf>
<list_8h_a3df67921d322130b2827da2e541a1387_icgraph.pdf, id=2036, 515.9275pt x 1
30.4875pt>
File: list_8h_a3df67921d322130b2827da2e541a1387_icgraph.pdf Graphic file (type 
pdf)
 <use list_8h_a3df67921d322130b2827da2e541a1387_icgraph.pdf>)
[75 <./list_8h_a6b2f0bae5223fb66771708236b2a99ef_icgraph.pdf> <./list_8h_a3df67
921d322130b2827da2e541a1387_cgraph.pdf> <./list_8h_a3df67921d322130b2827da2e541
a1387_icgraph.pdf>]
\openout2 = `reader_8c.aux'.

 (./reader_8c.tex
<reader_8c__incl.pdf, id=2056, 206.7725pt x 146.5475pt>
File: reader_8c__incl.pdf Graphic file (type pdf)

<use reader_8c__incl.pdf> [76


 <./reader_8c__incl.pdf>]
<reader_8c_a44b115e0bf4e92f6bfe2dcff067e49f5_cgraph.pdf, id=2144, 413.545pt x 2
60.975pt>
File: reader_8c_a44b115e0bf4e92f6bfe2dcff067e49f5_cgraph.pdf Graphic file (type
 pdf)
 <use reader_8c_a44b115e0bf4e92f6bfe2dcff067e49f5_cgraph.pdf> [77]
<reader_8c_a44b115e0bf4e92f6bfe2dcff067e49f5_icgraph.pdf, id=2157, 212.795pt x 
30.1125pt>
File: reader_8c_a44b115e0bf4e92f6bfe2dcff067e49f5_icgraph.pdf Graphic file (typ
e pdf)
 <use reader_8c_a44b115e0bf4e92f6bfe2dcff067e49f5_icgraph.pdf>)
[78 <./reader_8c_a44b115e0bf4e92f6bfe2dcff067e49f5_cgraph.pdf> <./reader_8c_a44
b115e0bf4e92f6bfe2dcff067e49f5_icgraph.pdf>]
\openout2 = `reader_8h.aux'.

 (./reader_8h.tex
<reader_8h__incl.pdf, id=2172, 100.375pt x 88.33pt>
File: reader_8h__incl.pdf Graphic file (type pdf)
 <use reader_8h__incl.pdf>
<reader_8h__dep__incl.pdf, id=2173, 250.9375pt x 146.5475pt>
File: reader_8h__dep__incl.pdf Graphic file (type pdf)

<use reader_8h__dep__incl.pdf> [79


 <./reader_8h__incl.pdf> <./reader_8h__dep__incl.pdf>] [80] [81]
<reader_8h_a29c9b16ecae4e8e1c1a87ef2bdff0e3d_cgraph.pdf, id=2309, 413.545pt x 2
60.975pt>
File: reader_8h_a29c9b16ecae4e8e1c1a87ef2bdff0e3d_cgraph.pdf Graphic file (type
 pdf)
 <use reader_8h_a29c9b16ecae4e8e1c1a87ef2bdff0e3d_cgraph.pdf>
<reader_8h_a29c9b16ecae4e8e1c1a87ef2bdff0e3d_icgraph.pdf, id=2310, 212.795pt x 
30.1125pt>
File: reader_8h_a29c9b16ecae4e8e1c1a87ef2bdff0e3d_icgraph.pdf Graphic file (typ
e pdf)
 <use reader_8h_a29c9b16ecae4e8e1c1a87ef2bdff0e3d_icgraph.pdf>)
[82 <./reader_8h_a29c9b16ecae4e8e1c1a87ef2bdff0e3d_cgraph.pdf> <./reader_8h_a29
c9b16ecae4e8e1c1a87ef2bdff0e3d_icgraph.pdf>]
\openout2 = `rfid__reader__handler_8c.aux'.

 (./rfid__reader__handler_8c.tex
<rfid__reader__handler_8c__incl.pdf, id=2325, 576.1525pt x 204.765pt>
File: rfid__reader__handler_8c__incl.pdf Graphic file (type pdf)

<use rfid__reader__handler_8c__incl.pdf> [83


 <./rfid__reader__handler_8c__incl.pdf>]
<rfid__reader__handler_8c_a2fe5f2e559b4f539c687ab4121a4a7be_cgraph.pdf, id=2356
, 915.42pt x 722.7pt>
File: rfid__reader__handler_8c_a2fe5f2e559b4f539c687ab4121a4a7be_cgraph.pdf Gra
phic file (type pdf)

<use rfid__reader__handler_8c_a2fe5f2e559b4f539c687ab4121a4a7be_cgraph.pdf>
Underfull \vbox (badness 10000) has occurred while \output is active []

 [84]
<rfid__reader__handler_8c_ad9624ed15307fa324f34f6a06bf11751_icgraph.pdf, id=236
2, 349.305pt x 30.1125pt>
File: rfid__reader__handler_8c_ad9624ed15307fa324f34f6a06bf11751_icgraph.pdf Gr
aphic file (type pdf)

<use rfid__reader__handler_8c_ad9624ed15307fa324f34f6a06bf11751_icgraph.pdf>
[85 <./rfid__reader__handler_8c_a2fe5f2e559b4f539c687ab4121a4a7be_cgraph.pdf> <
./rfid__reader__handler_8c_ad9624ed15307fa324f34f6a06bf11751_icgraph.pdf>]
<rfid__reader__handler_8c_ad7e398d96716aecafb8fdad3c4d64f32_cgraph.pdf, id=2379
, 794.97pt x 594.22pt>
File: rfid__reader__handler_8c_ad7e398d96716aecafb8fdad3c4d64f32_cgraph.pdf Gra
phic file (type pdf)

<use rfid__reader__handler_8c_ad7e398d96716aecafb8fdad3c4d64f32_cgraph.pdf>
<rfid__reader__handler_8c_ad7e398d96716aecafb8fdad3c4d64f32_icgraph.pdf, id=238
0, 216.81pt x 30.1125pt>
File: rfid__reader__handler_8c_ad7e398d96716aecafb8fdad3c4d64f32_icgraph.pdf Gr
aphic file (type pdf)

<use rfid__reader__handler_8c_ad7e398d96716aecafb8fdad3c4d64f32_icgraph.pdf>)
[86 <./rfid__reader__handler_8c_ad7e398d96716aecafb8fdad3c4d64f32_cgraph.pdf> <
./rfid__reader__handler_8c_ad7e398d96716aecafb8fdad3c4d64f32_icgraph.pdf>]
\openout2 = `string__utils_8c.aux'.


(./string__utils_8c.tex
<string__utils_8c__incl.pdf, id=2395, 176.66pt x 146.5475pt>
File: string__utils_8c__incl.pdf Graphic file (type pdf)

<use string__utils_8c__incl.pdf>
<string__utils_8c_a97015c4a9a9434c30072270f322b48ec_cgraph.pdf, id=2401, 277.03
5pt x 110.4125pt>
File: string__utils_8c_a97015c4a9a9434c30072270f322b48ec_cgraph.pdf Graphic fil
e (type pdf)

<use string__utils_8c_a97015c4a9a9434c30072270f322b48ec_cgraph.pdf> [87


 <./string__utils_8c__incl.pdf>]
<string__utils_8c_ad53f748f94f536ae4e1290a3ff1ac501_cgraph.pdf, id=2415, 533.99
5pt x 476.78125pt>
File: string__utils_8c_ad53f748f94f536ae4e1290a3ff1ac501_cgraph.pdf Graphic fil
e (type pdf)

<use string__utils_8c_ad53f748f94f536ae4e1290a3ff1ac501_cgraph.pdf>
<string__utils_8c_ad53f748f94f536ae4e1290a3ff1ac501_icgraph.pdf, id=2416, 315.1
775pt x 30.1125pt>
File: string__utils_8c_ad53f748f94f536ae4e1290a3ff1ac501_icgraph.pdf Graphic fi
le (type pdf)

<use string__utils_8c_ad53f748f94f536ae4e1290a3ff1ac501_icgraph.pdf> [88 <./str
ing__utils_8c_a97015c4a9a9434c30072270f322b48ec_cgraph.pdf> <./string__utils_8c
_ad53f748f94f536ae4e1290a3ff1ac501_cgraph.pdf>]) [89 <./string__utils_8c_ad53f7
48f94f536ae4e1290a3ff1ac501_icgraph.pdf>] (./refman.ind [90


] [91] [92

])
(./refman.aux (./structclient__config.aux) (./structlist.aux)
(./structreader.aux) (./structrfid__server__info.aux) (./structtag.aux)
(./client_8c.aux) (./client_8h.aux) (./config_8c.aux) (./config_8h.aux)
(./list_8c.aux) (./list_8h.aux) (./reader_8c.aux) (./reader_8h.aux)
(./rfid__reader__handler_8c.aux) (./string__utils_8c.aux))

LaTeX Warning: There were undefined references.

 ) 
Here is how much of TeX's memory you used:
 9770 strings out of 495061
 170606 string characters out of 1182621
 214590 words of memory out of 3000000
 12104 multiletter control sequences out of 15000+50000
 44213 words of font info for 47 fonts, out of 3000000 for 9000
 28 hyphenation exceptions out of 8191
 38i,12n,58p,638b,500s stack positions out of 5000i,500n,10000p,200000b,50000s
pdfTeX warning (dest): name{string__utils_8c_source} has been referenced but 
does not exist, replaced by a fixed one

pdfTeX warning (dest): name{rfid__reader__handler_8c_source} has been reference
d but does not exist, replaced by a fixed one

pdfTeX warning (dest): name{reader_8h_source} has been referenced but does not 
exist, replaced by a fixed one

pdfTeX warning (dest): name{reader_8c_source} has been referenced but does not 
exist, replaced by a fixed one

pdfTeX warning (dest): name{reader_8h_a5a2236a3693e3930b2c9fbe1fe7144ec} has be
en referenced but does not exist, replaced by a fixed one

pdfTeX warning (dest): name{list_8h_source} has been referenced but does not ex
ist, replaced by a fixed one

pdfTeX warning (dest): name{list_8c_source} has been referenced but does not ex
ist, replaced by a fixed one

pdfTeX warning (dest): name{config_8h_source} has been referenced but does not 
exist, replaced by a fixed one

pdfTeX warning (dest): name{config_8c_source} has been referenced but does not 
exist, replaced by a fixed one

pdfTeX warning (dest): name{client_8h_source} has been referenced but does not 
exist, replaced by a fixed one

pdfTeX warning (dest): name{client_8c_source} has been referenced but does not 
exist, replaced by a fixed one

pdfTeX warning (dest): name{avahi__dns__handler_8c_source} has been referenced 
but does not exist, replaced by a fixed one

{/usr/share/texmf-texlive/fonts/enc/dvips/base/8r.enc}</usr/share/texmf-texlive
/fonts/type1/public/amsfonts/cm/cmmi10.pfb></usr/share/texmf-texlive/fonts/type
1/public/amsfonts/cm/cmsy10.pfb></usr/share/texmf-texlive/fonts/type1/urw/couri
er/ucrr8a.pfb></usr/share/texmf-texlive/fonts/type1/urw/times/utmb8a.pfb></usr/
share/texmf-texlive/fonts/type1/urw/times/utmbi8a.pfb></usr/share/texmf-texlive
/fonts/type1/urw/times/utmr8a.pfb></usr/share/texmf-texlive/fonts/type1/urw/tim
es/utmri8a.pfb>
Output written on refman.pdf (98 pages, 4455321 bytes).
PDF statistics:
 2745 PDF objects out of 2984 (max. 8388607)
 447 named destinations out of 1000 (max. 500000)
 1687 words of extra memory for PDF output out of 10000 (max. 10000000)

